INFO 2021-05-10 17:34:48,580 autoreload 617 Watching for file changes with StatReloader
INFO 2021-05-10 17:34:53,548 basehttp 157 "GET / HTTP/1.1" 200 21278
INFO 2021-05-10 17:35:00,387 basehttp 157 "POST /upload/ HTTP/1.1" 200 526313
INFO 2021-05-10 17:35:04,226 basehttp 157 "GET /query?ALGO_select=Forest HTTP/1.1" 200 700010
INFO 2021-05-10 17:35:25,193 basehttp 157 "GET /query?Gap_filling=Interpolate HTTP/1.1" 200 3037259
INFO 2021-05-10 17:36:09,231 autoreload 240 /home/kejunxi/PycharmProjects/outlier_detection/outlier_detection/settings.py changed, reloading.
INFO 2021-05-10 17:36:10,685 autoreload 617 Watching for file changes with StatReloader
INFO 2021-05-10 17:36:23,198 autoreload 240 /home/kejunxi/PycharmProjects/outlier_detection/outlier_detection/settings.py changed, reloading.
INFO 2021-05-10 17:36:24,180 autoreload 617 Watching for file changes with StatReloader
INFO 2021-05-10 17:54:02,066 autoreload 636 Watching for file changes with StatReloader
INFO 2021-05-10 18:02:50,137 autoreload 617 Watching for file changes with StatReloader
INFO 2021-05-10 18:02:54,195 basehttp 157 "GET / HTTP/1.1" 200 21278
ERROR 2021-05-10 18:03:00,520 log 230 Internal Server Error: /upload/
Traceback (most recent call last):
  File "/home/kejunxi/PycharmProjects/outlier_detection/venv/lib/python3.6/site-packages/django/core/handlers/exception.py", line 47, in inner
    response = get_response(request)
  File "/home/kejunxi/PycharmProjects/outlier_detection/venv/lib/python3.6/site-packages/django/core/handlers/base.py", line 179, in _get_response
    response = wrapped_callback(request, *callback_args, **callback_kwargs)
  File "/home/kejunxi/PycharmProjects/outlier_detection/django_web/views.py", line 40, in upload
    csv = pd.read_excel(file)
  File "/home/kejunxi/PycharmProjects/outlier_detection/venv/lib/python3.6/site-packages/pandas/util/_decorators.py", line 296, in wrapper
    return func(*args, **kwargs)
  File "/home/kejunxi/PycharmProjects/outlier_detection/venv/lib/python3.6/site-packages/pandas/io/excel/_base.py", line 304, in read_excel
    io = ExcelFile(io, engine=engine)
  File "/home/kejunxi/PycharmProjects/outlier_detection/venv/lib/python3.6/site-packages/pandas/io/excel/_base.py", line 867, in __init__
    self._reader = self._engines[engine](self._io)
  File "/home/kejunxi/PycharmProjects/outlier_detection/venv/lib/python3.6/site-packages/pandas/io/excel/_xlrd.py", line 21, in __init__
    import_optional_dependency("xlrd", extra=err_msg)
  File "/home/kejunxi/PycharmProjects/outlier_detection/venv/lib/python3.6/site-packages/pandas/compat/_optional.py", line 127, in import_optional_dependency
    raise ImportError(msg)
ImportError: Pandas requires version '1.1.0' or newer of 'xlrd' (version '1.0.0' currently installed).
ERROR 2021-05-10 18:03:00,522 basehttp 157 "POST /upload/ HTTP/1.1" 500 94802
ERROR 2021-05-10 18:03:10,933 log 230 Internal Server Error: /upload/
Traceback (most recent call last):
  File "/home/kejunxi/PycharmProjects/outlier_detection/venv/lib/python3.6/site-packages/django/core/handlers/exception.py", line 47, in inner
    response = get_response(request)
  File "/home/kejunxi/PycharmProjects/outlier_detection/venv/lib/python3.6/site-packages/django/core/handlers/base.py", line 179, in _get_response
    response = wrapped_callback(request, *callback_args, **callback_kwargs)
  File "/home/kejunxi/PycharmProjects/outlier_detection/django_web/views.py", line 40, in upload
    csv = pd.read_excel(file)
  File "/home/kejunxi/PycharmProjects/outlier_detection/venv/lib/python3.6/site-packages/pandas/util/_decorators.py", line 296, in wrapper
    return func(*args, **kwargs)
  File "/home/kejunxi/PycharmProjects/outlier_detection/venv/lib/python3.6/site-packages/pandas/io/excel/_base.py", line 304, in read_excel
    io = ExcelFile(io, engine=engine)
  File "/home/kejunxi/PycharmProjects/outlier_detection/venv/lib/python3.6/site-packages/pandas/io/excel/_base.py", line 867, in __init__
    self._reader = self._engines[engine](self._io)
  File "/home/kejunxi/PycharmProjects/outlier_detection/venv/lib/python3.6/site-packages/pandas/io/excel/_xlrd.py", line 21, in __init__
    import_optional_dependency("xlrd", extra=err_msg)
  File "/home/kejunxi/PycharmProjects/outlier_detection/venv/lib/python3.6/site-packages/pandas/compat/_optional.py", line 127, in import_optional_dependency
    raise ImportError(msg)
ImportError: Pandas requires version '1.1.0' or newer of 'xlrd' (version '1.0.0' currently installed).
ERROR 2021-05-10 18:03:10,934 basehttp 157 "POST /upload/ HTTP/1.1" 500 94802
INFO 2021-05-10 18:03:14,009 basehttp 157 "GET / HTTP/1.1" 200 21278
INFO 2021-05-10 18:17:31,415 autoreload 617 Watching for file changes with StatReloader
INFO 2021-05-10 18:18:02,689 autoreload 617 Watching for file changes with StatReloader
INFO 2021-05-10 18:18:06,405 basehttp 157 "GET / HTTP/1.1" 200 21278
ERROR 2021-05-10 18:18:16,768 log 230 Internal Server Error: /upload/
Traceback (most recent call last):
  File "/home/kejunxi/PycharmProjects/outlier_detection/venv/lib/python3.6/site-packages/django/core/handlers/exception.py", line 47, in inner
    response = get_response(request)
  File "/home/kejunxi/PycharmProjects/outlier_detection/venv/lib/python3.6/site-packages/django/core/handlers/base.py", line 179, in _get_response
    response = wrapped_callback(request, *callback_args, **callback_kwargs)
  File "/home/kejunxi/PycharmProjects/outlier_detection/django_web/views.py", line 40, in upload
    csv = pd.read_excel(file)
  File "/home/kejunxi/PycharmProjects/outlier_detection/venv/lib/python3.6/site-packages/pandas/util/_decorators.py", line 296, in wrapper
    return func(*args, **kwargs)
  File "/home/kejunxi/PycharmProjects/outlier_detection/venv/lib/python3.6/site-packages/pandas/io/excel/_base.py", line 304, in read_excel
    io = ExcelFile(io, engine=engine)
  File "/home/kejunxi/PycharmProjects/outlier_detection/venv/lib/python3.6/site-packages/pandas/io/excel/_base.py", line 867, in __init__
    self._reader = self._engines[engine](self._io)
  File "/home/kejunxi/PycharmProjects/outlier_detection/venv/lib/python3.6/site-packages/pandas/io/excel/_xlrd.py", line 21, in __init__
    import_optional_dependency("xlrd", extra=err_msg)
  File "/home/kejunxi/PycharmProjects/outlier_detection/venv/lib/python3.6/site-packages/pandas/compat/_optional.py", line 127, in import_optional_dependency
    raise ImportError(msg)
ImportError: Pandas requires version '1.1.0' or newer of 'xlrd' (version '1.0.0' currently installed).
ERROR 2021-05-10 18:18:16,771 basehttp 157 "POST /upload/ HTTP/1.1" 500 97928
INFO 2021-05-10 18:22:46,885 autoreload 617 Watching for file changes with StatReloader
INFO 2021-05-10 18:22:52,161 basehttp 157 "GET / HTTP/1.1" 200 21278
ERROR 2021-05-10 18:22:59,762 log 230 Internal Server Error: /upload/
Traceback (most recent call last):
  File "/home/kejunxi/PycharmProjects/outlier_detection/venv/lib/python3.6/site-packages/django/core/handlers/exception.py", line 47, in inner
    response = get_response(request)
  File "/home/kejunxi/PycharmProjects/outlier_detection/venv/lib/python3.6/site-packages/django/core/handlers/base.py", line 179, in _get_response
    response = wrapped_callback(request, *callback_args, **callback_kwargs)
  File "/home/kejunxi/PycharmProjects/outlier_detection/django_web/views.py", line 40, in upload
    csv = pd.read_excel(file)
  File "/home/kejunxi/PycharmProjects/outlier_detection/venv/lib/python3.6/site-packages/pandas/util/_decorators.py", line 296, in wrapper
    return func(*args, **kwargs)
  File "/home/kejunxi/PycharmProjects/outlier_detection/venv/lib/python3.6/site-packages/pandas/io/excel/_base.py", line 304, in read_excel
    io = ExcelFile(io, engine=engine)
  File "/home/kejunxi/PycharmProjects/outlier_detection/venv/lib/python3.6/site-packages/pandas/io/excel/_base.py", line 867, in __init__
    self._reader = self._engines[engine](self._io)
  File "/home/kejunxi/PycharmProjects/outlier_detection/venv/lib/python3.6/site-packages/pandas/io/excel/_xlrd.py", line 21, in __init__
    import_optional_dependency("xlrd", extra=err_msg)
  File "/home/kejunxi/PycharmProjects/outlier_detection/venv/lib/python3.6/site-packages/pandas/compat/_optional.py", line 127, in import_optional_dependency
    raise ImportError(msg)
ImportError: Pandas requires version '1.1.0' or newer of 'xlrd' (version '1.0.0' currently installed).
ERROR 2021-05-10 18:22:59,764 basehttp 157 "POST /upload/ HTTP/1.1" 500 97928
INFO 2021-05-10 18:29:09,726 autoreload 617 Watching for file changes with StatReloader
INFO 2021-05-10 18:29:15,390 basehttp 157 "GET / HTTP/1.1" 200 21278
INFO 2021-05-10 18:29:22,448 basehttp 157 "POST /upload/ HTTP/1.1" 200 526313
INFO 2021-05-10 18:51:57,517 autoreload 617 Watching for file changes with StatReloader
INFO 2021-05-10 18:52:05,018 basehttp 157 "GET / HTTP/1.1" 200 21278
ERROR 2021-05-10 18:52:12,423 log 230 Internal Server Error: /upload/
Traceback (most recent call last):
  File "/home/kejunxi/PycharmProjects/outlier_detection/venv/lib/python3.6/site-packages/django/core/handlers/exception.py", line 47, in inner
    response = get_response(request)
  File "/home/kejunxi/PycharmProjects/outlier_detection/venv/lib/python3.6/site-packages/django/core/handlers/base.py", line 179, in _get_response
    response = wrapped_callback(request, *callback_args, **callback_kwargs)
  File "/home/kejunxi/PycharmProjects/outlier_detection/django_web/views.py", line 40, in upload
    csv = pd.read_excel(file)
  File "/home/kejunxi/PycharmProjects/outlier_detection/venv/lib/python3.6/site-packages/pandas/util/_decorators.py", line 296, in wrapper
    return func(*args, **kwargs)
  File "/home/kejunxi/PycharmProjects/outlier_detection/venv/lib/python3.6/site-packages/pandas/io/excel/_base.py", line 304, in read_excel
    io = ExcelFile(io, engine=engine)
  File "/home/kejunxi/PycharmProjects/outlier_detection/venv/lib/python3.6/site-packages/pandas/io/excel/_base.py", line 867, in __init__
    self._reader = self._engines[engine](self._io)
  File "/home/kejunxi/PycharmProjects/outlier_detection/venv/lib/python3.6/site-packages/pandas/io/excel/_xlrd.py", line 21, in __init__
    import_optional_dependency("xlrd", extra=err_msg)
  File "/home/kejunxi/PycharmProjects/outlier_detection/venv/lib/python3.6/site-packages/pandas/compat/_optional.py", line 127, in import_optional_dependency
    raise ImportError(msg)
ImportError: Pandas requires version '1.1.0' or newer of 'xlrd' (version '1.0.0' currently installed).
ERROR 2021-05-10 18:52:12,426 basehttp 157 "POST /upload/ HTTP/1.1" 500 97760
INFO 2021-05-10 18:57:17,476 autoreload 617 Watching for file changes with StatReloader
INFO 2021-05-10 18:57:21,712 basehttp 157 "GET / HTTP/1.1" 200 21278
ERROR 2021-05-10 18:57:30,656 log 230 Internal Server Error: /upload/
Traceback (most recent call last):
  File "/home/kejunxi/PycharmProjects/outlier_detection/venv/lib/python3.6/site-packages/django/core/handlers/exception.py", line 47, in inner
    response = get_response(request)
  File "/home/kejunxi/PycharmProjects/outlier_detection/venv/lib/python3.6/site-packages/django/core/handlers/base.py", line 179, in _get_response
    response = wrapped_callback(request, *callback_args, **callback_kwargs)
  File "/home/kejunxi/PycharmProjects/outlier_detection/django_web/views.py", line 40, in upload
    csv = pd.read_excel(file)
  File "/home/kejunxi/PycharmProjects/outlier_detection/venv/lib/python3.6/site-packages/pandas/util/_decorators.py", line 296, in wrapper
    return func(*args, **kwargs)
  File "/home/kejunxi/PycharmProjects/outlier_detection/venv/lib/python3.6/site-packages/pandas/io/excel/_base.py", line 304, in read_excel
    io = ExcelFile(io, engine=engine)
  File "/home/kejunxi/PycharmProjects/outlier_detection/venv/lib/python3.6/site-packages/pandas/io/excel/_base.py", line 867, in __init__
    self._reader = self._engines[engine](self._io)
  File "/home/kejunxi/PycharmProjects/outlier_detection/venv/lib/python3.6/site-packages/pandas/io/excel/_xlrd.py", line 21, in __init__
    import_optional_dependency("xlrd", extra=err_msg)
  File "/home/kejunxi/PycharmProjects/outlier_detection/venv/lib/python3.6/site-packages/pandas/compat/_optional.py", line 127, in import_optional_dependency
    raise ImportError(msg)
ImportError: Pandas requires version '1.1.0' or newer of 'xlrd' (version '1.0.0' currently installed).
ERROR 2021-05-10 18:57:30,660 basehttp 157 "POST /upload/ HTTP/1.1" 500 97318
INFO 2021-05-10 19:02:24,145 autoreload 617 Watching for file changes with StatReloader
INFO 2021-05-10 19:02:28,323 basehttp 157 "GET / HTTP/1.1" 200 21278
ERROR 2021-05-10 19:02:34,964 log 230 Internal Server Error: /upload/
Traceback (most recent call last):
  File "/home/kejunxi/PycharmProjects/outlier_detection/venv/lib/python3.6/site-packages/django/core/handlers/exception.py", line 47, in inner
    response = get_response(request)
  File "/home/kejunxi/PycharmProjects/outlier_detection/venv/lib/python3.6/site-packages/django/core/handlers/base.py", line 179, in _get_response
    response = wrapped_callback(request, *callback_args, **callback_kwargs)
  File "/home/kejunxi/PycharmProjects/outlier_detection/django_web/views.py", line 40, in upload
    csv = pd.read_excel(file)
  File "/home/kejunxi/PycharmProjects/outlier_detection/venv/lib/python3.6/site-packages/pandas/util/_decorators.py", line 296, in wrapper
    return func(*args, **kwargs)
  File "/home/kejunxi/PycharmProjects/outlier_detection/venv/lib/python3.6/site-packages/pandas/io/excel/_base.py", line 304, in read_excel
    io = ExcelFile(io, engine=engine)
  File "/home/kejunxi/PycharmProjects/outlier_detection/venv/lib/python3.6/site-packages/pandas/io/excel/_base.py", line 867, in __init__
    self._reader = self._engines[engine](self._io)
  File "/home/kejunxi/PycharmProjects/outlier_detection/venv/lib/python3.6/site-packages/pandas/io/excel/_xlrd.py", line 21, in __init__
    import_optional_dependency("xlrd", extra=err_msg)
  File "/home/kejunxi/PycharmProjects/outlier_detection/venv/lib/python3.6/site-packages/pandas/compat/_optional.py", line 127, in import_optional_dependency
    raise ImportError(msg)
ImportError: Pandas requires version '1.1.0' or newer of 'xlrd' (version '1.0.0' currently installed).
ERROR 2021-05-10 19:02:34,965 basehttp 157 "POST /upload/ HTTP/1.1" 500 97316
INFO 2021-05-10 19:37:13,273 autoreload 617 Watching for file changes with StatReloader
INFO 2021-05-10 19:37:42,491 autoreload 617 Watching for file changes with StatReloader
INFO 2021-05-10 19:37:50,819 basehttp 157 "GET / HTTP/1.1" 200 21278
ERROR 2021-05-10 19:37:58,291 log 230 Internal Server Error: /upload/
Traceback (most recent call last):
  File "/home/kejunxi/.virtualenvs/detection/lib/python3.6/site-packages/django/core/handlers/exception.py", line 47, in inner
    response = get_response(request)
  File "/home/kejunxi/.virtualenvs/detection/lib/python3.6/site-packages/django/core/handlers/base.py", line 181, in _get_response
    response = wrapped_callback(request, *callback_args, **callback_kwargs)
  File "/home/kejunxi/PycharmProjects/outlier_detection/django_web/views.py", line 40, in upload
    csv = pd.read_excel(file)
  File "/home/kejunxi/.virtualenvs/detection/lib/python3.6/site-packages/pandas/util/_decorators.py", line 296, in wrapper
    return func(*args, **kwargs)
  File "/home/kejunxi/.virtualenvs/detection/lib/python3.6/site-packages/pandas/io/excel/_base.py", line 304, in read_excel
    io = ExcelFile(io, engine=engine)
  File "/home/kejunxi/.virtualenvs/detection/lib/python3.6/site-packages/pandas/io/excel/_base.py", line 867, in __init__
    self._reader = self._engines[engine](self._io)
  File "/home/kejunxi/.virtualenvs/detection/lib/python3.6/site-packages/pandas/io/excel/_xlrd.py", line 21, in __init__
    import_optional_dependency("xlrd", extra=err_msg)
  File "/home/kejunxi/.virtualenvs/detection/lib/python3.6/site-packages/pandas/compat/_optional.py", line 110, in import_optional_dependency
    raise ImportError(msg) from None
ImportError: Missing optional dependency 'xlrd'. Install xlrd >= 1.0.0 for Excel support Use pip or conda to install xlrd.
ERROR 2021-05-10 19:37:58,296 basehttp 157 "POST /upload/ HTTP/1.1" 500 112497
INFO 2021-05-10 19:39:02,576 autoreload 617 Watching for file changes with StatReloader
INFO 2021-05-10 19:39:09,250 basehttp 157 "GET / HTTP/1.1" 200 21278
ERROR 2021-05-10 19:39:17,201 log 230 Internal Server Error: /upload/
Traceback (most recent call last):
  File "/home/kejunxi/.virtualenvs/detection/lib/python3.6/site-packages/django/core/handlers/exception.py", line 47, in inner
    response = get_response(request)
  File "/home/kejunxi/.virtualenvs/detection/lib/python3.6/site-packages/django/core/handlers/base.py", line 181, in _get_response
    response = wrapped_callback(request, *callback_args, **callback_kwargs)
  File "/home/kejunxi/PycharmProjects/outlier_detection/django_web/views.py", line 40, in upload
    csv = pd.read_excel(file)
  File "/home/kejunxi/.virtualenvs/detection/lib/python3.6/site-packages/pandas/util/_decorators.py", line 296, in wrapper
    return func(*args, **kwargs)
  File "/home/kejunxi/.virtualenvs/detection/lib/python3.6/site-packages/pandas/io/excel/_base.py", line 304, in read_excel
    io = ExcelFile(io, engine=engine)
  File "/home/kejunxi/.virtualenvs/detection/lib/python3.6/site-packages/pandas/io/excel/_base.py", line 867, in __init__
    self._reader = self._engines[engine](self._io)
  File "/home/kejunxi/.virtualenvs/detection/lib/python3.6/site-packages/pandas/io/excel/_xlrd.py", line 22, in __init__
    super().__init__(filepath_or_buffer)
  File "/home/kejunxi/.virtualenvs/detection/lib/python3.6/site-packages/pandas/io/excel/_base.py", line 351, in __init__
    self.book = self.load_workbook(filepath_or_buffer)
  File "/home/kejunxi/.virtualenvs/detection/lib/python3.6/site-packages/pandas/io/excel/_xlrd.py", line 35, in load_workbook
    return open_workbook(file_contents=data)
  File "/home/kejunxi/.virtualenvs/detection/lib/python3.6/site-packages/xlrd/__init__.py", line 170, in open_workbook
    raise XLRDError(FILE_FORMAT_DESCRIPTIONS[file_format]+'; not supported')
xlrd.biffh.XLRDError: Excel xlsx file; not supported
ERROR 2021-05-10 19:39:17,203 basehttp 157 "POST /upload/ HTTP/1.1" 500 116503
INFO 2021-05-10 19:41:34,018 autoreload 617 Watching for file changes with StatReloader
INFO 2021-05-10 19:41:38,233 basehttp 157 "GET / HTTP/1.1" 200 21278
ERROR 2021-05-10 19:41:45,003 log 230 Internal Server Error: /upload/
Traceback (most recent call last):
  File "/home/kejunxi/.virtualenvs/detection/lib/python3.6/site-packages/django/core/handlers/exception.py", line 47, in inner
    response = get_response(request)
  File "/home/kejunxi/.virtualenvs/detection/lib/python3.6/site-packages/django/core/handlers/base.py", line 181, in _get_response
    response = wrapped_callback(request, *callback_args, **callback_kwargs)
  File "/home/kejunxi/PycharmProjects/outlier_detection/django_web/views.py", line 40, in upload
    csv = pd.read_excel(file)
  File "/home/kejunxi/.virtualenvs/detection/lib/python3.6/site-packages/pandas/util/_decorators.py", line 296, in wrapper
    return func(*args, **kwargs)
  File "/home/kejunxi/.virtualenvs/detection/lib/python3.6/site-packages/pandas/io/excel/_base.py", line 304, in read_excel
    io = ExcelFile(io, engine=engine)
  File "/home/kejunxi/.virtualenvs/detection/lib/python3.6/site-packages/pandas/io/excel/_base.py", line 867, in __init__
    self._reader = self._engines[engine](self._io)
  File "/home/kejunxi/.virtualenvs/detection/lib/python3.6/site-packages/pandas/io/excel/_xlrd.py", line 22, in __init__
    super().__init__(filepath_or_buffer)
  File "/home/kejunxi/.virtualenvs/detection/lib/python3.6/site-packages/pandas/io/excel/_base.py", line 351, in __init__
    self.book = self.load_workbook(filepath_or_buffer)
  File "/home/kejunxi/.virtualenvs/detection/lib/python3.6/site-packages/pandas/io/excel/_xlrd.py", line 35, in load_workbook
    return open_workbook(file_contents=data)
  File "/home/kejunxi/.virtualenvs/detection/lib/python3.6/site-packages/xlrd/__init__.py", line 170, in open_workbook
    raise XLRDError(FILE_FORMAT_DESCRIPTIONS[file_format]+'; not supported')
xlrd.biffh.XLRDError: Excel xlsx file; not supported
ERROR 2021-05-10 19:41:45,008 basehttp 157 "POST /upload/ HTTP/1.1" 500 116503
INFO 2021-05-10 19:47:05,113 autoreload 617 Watching for file changes with StatReloader
INFO 2021-05-10 19:47:09,624 basehttp 157 "GET / HTTP/1.1" 200 21278
ERROR 2021-05-10 19:47:16,846 log 230 Internal Server Error: /upload/
Traceback (most recent call last):
  File "/home/kejunxi/.virtualenvs/detection/lib/python3.6/site-packages/django/core/handlers/exception.py", line 47, in inner
    response = get_response(request)
  File "/home/kejunxi/.virtualenvs/detection/lib/python3.6/site-packages/django/core/handlers/base.py", line 181, in _get_response
    response = wrapped_callback(request, *callback_args, **callback_kwargs)
  File "/home/kejunxi/PycharmProjects/outlier_detection/django_web/views.py", line 40, in upload
    csv = pd.read_excel(file)
  File "/home/kejunxi/.virtualenvs/detection/lib/python3.6/site-packages/pandas/util/_decorators.py", line 296, in wrapper
    return func(*args, **kwargs)
  File "/home/kejunxi/.virtualenvs/detection/lib/python3.6/site-packages/pandas/io/excel/_base.py", line 304, in read_excel
    io = ExcelFile(io, engine=engine)
  File "/home/kejunxi/.virtualenvs/detection/lib/python3.6/site-packages/pandas/io/excel/_base.py", line 867, in __init__
    self._reader = self._engines[engine](self._io)
  File "/home/kejunxi/.virtualenvs/detection/lib/python3.6/site-packages/pandas/io/excel/_xlrd.py", line 22, in __init__
    super().__init__(filepath_or_buffer)
  File "/home/kejunxi/.virtualenvs/detection/lib/python3.6/site-packages/pandas/io/excel/_base.py", line 351, in __init__
    self.book = self.load_workbook(filepath_or_buffer)
  File "/home/kejunxi/.virtualenvs/detection/lib/python3.6/site-packages/pandas/io/excel/_xlrd.py", line 35, in load_workbook
    return open_workbook(file_contents=data)
  File "/home/kejunxi/.virtualenvs/detection/lib/python3.6/site-packages/xlrd/__init__.py", line 170, in open_workbook
    raise XLRDError(FILE_FORMAT_DESCRIPTIONS[file_format]+'; not supported')
xlrd.biffh.XLRDError: Excel xlsx file; not supported
ERROR 2021-05-10 19:47:16,850 basehttp 157 "POST /upload/ HTTP/1.1" 500 116503
ERROR 2021-05-10 19:48:17,705 log 230 Internal Server Error: /upload/
Traceback (most recent call last):
  File "/home/kejunxi/.virtualenvs/detection/lib/python3.6/site-packages/django/core/handlers/exception.py", line 47, in inner
    response = get_response(request)
  File "/home/kejunxi/.virtualenvs/detection/lib/python3.6/site-packages/django/core/handlers/base.py", line 181, in _get_response
    response = wrapped_callback(request, *callback_args, **callback_kwargs)
  File "/home/kejunxi/PycharmProjects/outlier_detection/django_web/views.py", line 40, in upload
    csv = pd.read_excel(file)
  File "/home/kejunxi/.virtualenvs/detection/lib/python3.6/site-packages/pandas/util/_decorators.py", line 296, in wrapper
    return func(*args, **kwargs)
  File "/home/kejunxi/.virtualenvs/detection/lib/python3.6/site-packages/pandas/io/excel/_base.py", line 304, in read_excel
    io = ExcelFile(io, engine=engine)
  File "/home/kejunxi/.virtualenvs/detection/lib/python3.6/site-packages/pandas/io/excel/_base.py", line 867, in __init__
    self._reader = self._engines[engine](self._io)
  File "/home/kejunxi/.virtualenvs/detection/lib/python3.6/site-packages/pandas/io/excel/_xlrd.py", line 22, in __init__
    super().__init__(filepath_or_buffer)
  File "/home/kejunxi/.virtualenvs/detection/lib/python3.6/site-packages/pandas/io/excel/_base.py", line 351, in __init__
    self.book = self.load_workbook(filepath_or_buffer)
  File "/home/kejunxi/.virtualenvs/detection/lib/python3.6/site-packages/pandas/io/excel/_xlrd.py", line 35, in load_workbook
    return open_workbook(file_contents=data)
  File "/home/kejunxi/.virtualenvs/detection/lib/python3.6/site-packages/xlrd/__init__.py", line 170, in open_workbook
    raise XLRDError(FILE_FORMAT_DESCRIPTIONS[file_format]+'; not supported')
xlrd.biffh.XLRDError: Excel xlsx file; not supported
ERROR 2021-05-10 19:48:17,707 basehttp 157 "POST /upload/ HTTP/1.1" 500 116503
INFO 2021-05-10 19:49:59,058 autoreload 617 Watching for file changes with StatReloader
INFO 2021-05-10 19:50:12,665 basehttp 157 "GET / HTTP/1.1" 200 21278
INFO 2021-05-10 19:50:19,239 basehttp 157 "POST /upload/ HTTP/1.1" 200 526313
INFO 2021-05-10 19:52:05,095 autoreload 617 Watching for file changes with StatReloader
INFO 2021-05-10 19:52:11,758 basehttp 157 "GET / HTTP/1.1" 200 21278
ERROR 2021-05-10 19:52:19,180 log 230 Internal Server Error: /upload/
Traceback (most recent call last):
  File "/home/kejunxi/.virtualenvs/detection/lib/python3.6/site-packages/django/core/handlers/exception.py", line 47, in inner
    response = get_response(request)
  File "/home/kejunxi/.virtualenvs/detection/lib/python3.6/site-packages/django/core/handlers/base.py", line 181, in _get_response
    response = wrapped_callback(request, *callback_args, **callback_kwargs)
  File "/home/kejunxi/PycharmProjects/outlier_detection/django_web/views.py", line 40, in upload
    csv = pd.read_excel(file)
  File "/home/kejunxi/.virtualenvs/detection/lib/python3.6/site-packages/pandas/util/_decorators.py", line 296, in wrapper
    return func(*args, **kwargs)
  File "/home/kejunxi/.virtualenvs/detection/lib/python3.6/site-packages/pandas/io/excel/_base.py", line 304, in read_excel
    io = ExcelFile(io, engine=engine)
  File "/home/kejunxi/.virtualenvs/detection/lib/python3.6/site-packages/pandas/io/excel/_base.py", line 867, in __init__
    self._reader = self._engines[engine](self._io)
  File "/home/kejunxi/.virtualenvs/detection/lib/python3.6/site-packages/pandas/io/excel/_xlrd.py", line 22, in __init__
    super().__init__(filepath_or_buffer)
  File "/home/kejunxi/.virtualenvs/detection/lib/python3.6/site-packages/pandas/io/excel/_base.py", line 351, in __init__
    self.book = self.load_workbook(filepath_or_buffer)
  File "/home/kejunxi/.virtualenvs/detection/lib/python3.6/site-packages/pandas/io/excel/_xlrd.py", line 35, in load_workbook
    return open_workbook(file_contents=data)
  File "/home/kejunxi/.virtualenvs/detection/lib/python3.6/site-packages/xlrd/__init__.py", line 170, in open_workbook
    raise XLRDError(FILE_FORMAT_DESCRIPTIONS[file_format]+'; not supported')
xlrd.biffh.XLRDError: Excel xlsx file; not supported
ERROR 2021-05-10 19:52:19,181 basehttp 157 "POST /upload/ HTTP/1.1" 500 116501
INFO 2021-05-10 19:53:49,592 autoreload 617 Watching for file changes with StatReloader
INFO 2021-05-10 19:53:54,291 basehttp 157 "GET / HTTP/1.1" 200 21278
INFO 2021-05-10 19:54:00,602 basehttp 157 "POST /upload/ HTTP/1.1" 200 526313
INFO 2021-05-10 19:54:13,459 basehttp 157 "GET /query?ALGO_select=Forest HTTP/1.1" 200 700025
INFO 2021-05-10 19:54:32,921 basehttp 157 "GET /query?Gap_filling=Interpolate HTTP/1.1" 200 3037148
INFO 2021-05-10 19:58:20,372 autoreload 617 Watching for file changes with StatReloader
INFO 2021-05-10 19:58:25,976 basehttp 157 "GET / HTTP/1.1" 200 21278
INFO 2021-05-10 19:58:33,309 basehttp 157 "POST /upload/ HTTP/1.1" 200 526313
INFO 2021-05-10 19:58:47,126 basehttp 157 "GET /query?ALGO_select=Forest HTTP/1.1" 200 700009
INFO 2021-05-10 20:01:03,382 basehttp 157 "GET /query?Gap_filling=Interpolate HTTP/1.1" 200 3037278
INFO 2021-05-12 13:54:02,191 autoreload 617 Watching for file changes with StatReloader
INFO 2021-05-12 13:54:09,521 basehttp 157 "GET / HTTP/1.1" 200 21278
INFO 2021-05-12 13:54:09,640 basehttp 157 "GET /static/Semantic-UI-CSS-master/semantic.js HTTP/1.1" 200 526094
WARNING 2021-05-12 13:54:11,976 log 230 Not Found: /favicon.ico
WARNING 2021-05-12 13:54:11,979 basehttp 157 "GET /favicon.ico HTTP/1.1" 404 2831
INFO 2021-05-12 13:54:18,248 basehttp 157 "POST /upload/ HTTP/1.1" 200 526313
INFO 2021-05-12 13:54:27,231 basehttp 157 "GET / HTTP/1.1" 200 21278
WARNING 2021-05-12 13:54:29,785 log 230 Forbidden (CSRF token missing or incorrect.): /upload/
WARNING 2021-05-12 13:54:29,786 basehttp 157 "POST /upload/ HTTP/1.1" 403 2513
WARNING 2021-05-12 14:01:47,888 log 230 Forbidden (CSRF token missing or incorrect.): /upload/
WARNING 2021-05-12 14:01:47,904 basehttp 157 "POST /upload/ HTTP/1.1" 403 2513
INFO 2021-05-12 14:02:07,547 basehttp 157 "POST /upload/ HTTP/1.1" 200 526313
INFO 2021-05-12 14:03:38,834 basehttp 157 "GET / HTTP/1.1" 200 21278
INFO 2021-05-12 14:05:38,484 basehttp 157 "POST /upload/ HTTP/1.1" 200 526313
INFO 2021-05-12 14:06:42,978 basehttp 157 "GET /query?ALGO_select=Forest HTTP/1.1" 200 700025
INFO 2021-05-12 14:09:50,765 basehttp 157 "GET /query?Gap_filling=Interpolate HTTP/1.1" 200 3036595
INFO 2021-05-12 14:35:27,411 basehttp 157 "GET / HTTP/1.1" 200 21278
WARNING 2021-05-12 14:35:39,520 log 230 Forbidden (CSRF token missing or incorrect.): /upload/
WARNING 2021-05-12 14:35:39,524 basehttp 157 "POST /upload/ HTTP/1.1" 403 2513
INFO 2021-06-09 07:21:25,401 autoreload 617 Watching for file changes with StatReloader
INFO 2021-06-09 07:21:29,518 basehttp 157 "GET / HTTP/1.1" 200 21417
INFO 2021-06-09 07:21:29,576 basehttp 157 "GET /static/DataTables-1.10.23/css/dataTables.semanticui.min.css HTTP/1.1" 304 0
INFO 2021-06-09 07:21:29,580 basehttp 157 "GET /static/Semantic-UI-CSS-master/semantic.min.css HTTP/1.1" 200 379837
INFO 2021-06-09 07:21:29,582 basehttp 157 "GET /static/DataTables-1.10.23/js/dataTables.semanticui.min.js HTTP/1.1" 304 0
INFO 2021-06-09 07:21:29,596 basehttp 157 "GET /static/DataTables-1.10.23/js/jquery.dataTables.min.js HTTP/1.1" 200 86533
INFO 2021-06-09 07:21:29,599 basehttp 157 "GET /static/DataTables-1.10.23/js/percentageBars.js HTTP/1.1" 304 0
INFO 2021-06-09 07:21:29,629 basehttp 157 "GET /static/Semantic-UI-CSS-master/semantic.js HTTP/1.1" 200 526094
WARNING 2021-06-09 07:21:31,636 log 230 Not Found: /favicon.ico
WARNING 2021-06-09 07:21:31,643 basehttp 157 "GET /favicon.ico HTTP/1.1" 404 2831
WARNING 2021-06-09 07:21:33,231 log 230 Forbidden (CSRF token missing or incorrect.): /upload/
WARNING 2021-06-09 07:21:33,232 basehttp 157 "POST /upload/ HTTP/1.1" 403 2513
INFO 2021-06-09 07:22:03,386 basehttp 157 "POST /upload/ HTTP/1.1" 200 18872437
INFO 2021-06-09 07:22:07,392 basehttp 157 "GET / HTTP/1.1" 200 21417
INFO 2021-06-09 07:22:22,760 basehttp 157 "GET / HTTP/1.1" 200 21417
INFO 2021-06-09 07:22:39,963 basehttp 157 "POST /upload/ HTTP/1.1" 200 526313
INFO 2021-06-09 07:22:52,713 basehttp 157 "GET /query?ALGO_select=Forest HTTP/1.1" 200 700021
INFO 2021-06-09 07:23:11,276 basehttp 157 "GET /query?Gap_filling=Interpolate HTTP/1.1" 200 3036840
INFO 2021-06-09 07:23:31,798 basehttp 157 "GET /query?ALGO_select=Forest HTTP/1.1" 200 3638156
INFO 2021-06-09 07:23:49,276 basehttp 157 "GET /query?Gap_filling=Interpolate HTTP/1.1" 200 3423972
INFO 2021-06-09 07:24:05,178 basehttp 157 "GET /query?ALGO_select=Forest HTTP/1.1" 200 3644760
INFO 2021-06-09 07:24:46,426 autoreload 617 Watching for file changes with StatReloader
INFO 2021-06-09 07:24:53,389 basehttp 157 "GET / HTTP/1.1" 200 21375
INFO 2021-06-09 07:29:41,851 basehttp 157 "POST /upload/ HTTP/1.1" 200 16402756
INFO 2021-06-09 07:31:44,312 basehttp 157 "GET /query?ALGO_select=Forest HTTP/1.1" 200 21546193
INFO 2021-06-09 07:34:10,540 basehttp 157 "GET /query?Gap_filling=Interpolate HTTP/1.1" 200 33489148
INFO 2021-06-09 07:35:59,377 basehttp 157 "GET /query?ALGO_select=Forest HTTP/1.1" 200 37992960
INFO 2021-06-09 07:38:32,727 basehttp 157 "GET / HTTP/1.1" 200 21408
INFO 2021-06-09 07:38:50,248 autoreload 617 Watching for file changes with StatReloader
INFO 2021-06-09 07:38:54,427 basehttp 157 "GET / HTTP/1.1" 200 21432
INFO 2021-06-09 07:39:07,806 basehttp 157 "POST /upload/ HTTP/1.1" 200 526313
INFO 2021-06-09 07:39:07,846 basehttp 157 "GET / HTTP/1.1" 200 21432
INFO 2021-06-09 07:39:39,612 autoreload 617 Watching for file changes with StatReloader
INFO 2021-06-09 07:39:43,824 basehttp 157 "GET / HTTP/1.1" 200 21424
INFO 2021-06-09 07:39:52,773 basehttp 157 "GET / HTTP/1.1" 200 21424
INFO 2021-06-09 07:53:26,429 autoreload 617 Watching for file changes with StatReloader
INFO 2021-06-09 07:53:30,836 basehttp 157 "GET / HTTP/1.1" 200 21436
INFO 2021-06-09 07:53:40,171 basehttp 157 "POST /upload/ HTTP/1.1" 200 526313
INFO 2021-06-09 07:54:52,159 autoreload 617 Watching for file changes with StatReloader
INFO 2021-06-09 07:54:58,280 basehttp 157 "GET / HTTP/1.1" 200 21434
INFO 2021-06-09 07:55:10,948 basehttp 157 "POST /upload/ HTTP/1.1" 200 526313
INFO 2021-06-09 07:56:02,362 autoreload 617 Watching for file changes with StatReloader
INFO 2021-06-09 07:56:05,999 basehttp 157 "GET / HTTP/1.1" 200 21377
INFO 2021-06-09 07:56:21,492 basehttp 157 "POST /upload/ HTTP/1.1" 200 526313
INFO 2021-06-09 07:57:57,650 autoreload 617 Watching for file changes with StatReloader
INFO 2021-06-09 07:58:01,505 basehttp 157 "GET / HTTP/1.1" 200 21434
INFO 2021-06-09 07:58:10,614 basehttp 157 "POST /upload/ HTTP/1.1" 200 527488
INFO 2021-06-09 07:59:42,571 autoreload 617 Watching for file changes with StatReloader
INFO 2021-06-09 07:59:46,690 basehttp 157 "GET / HTTP/1.1" 200 21426
INFO 2021-06-09 07:59:58,123 basehttp 157 "POST /upload/ HTTP/1.1" 200 526313
INFO 2021-06-09 08:02:26,045 autoreload 617 Watching for file changes with StatReloader
INFO 2021-06-09 08:02:30,615 basehttp 157 "GET / HTTP/1.1" 200 21558
INFO 2021-06-09 08:02:39,429 basehttp 157 "POST /upload/ HTTP/1.1" 200 527488
INFO 2021-06-09 08:03:00,880 basehttp 157 "GET /query?ALGO_select=Forest HTTP/1.1" 200 703091
INFO 2021-06-09 08:03:15,183 basehttp 157 "GET /query?Gap_filling=Interpolate HTTP/1.1" 200 2876040
INFO 2021-06-09 08:03:37,513 basehttp 157 "POST /upload/ HTTP/1.1" 200 526313
INFO 2021-06-09 08:03:59,087 basehttp 157 "GET /query?ALGO_select=Forest HTTP/1.1" 200 700009
INFO 2021-06-09 08:07:38,789 autoreload 617 Watching for file changes with StatReloader
INFO 2021-06-09 08:07:41,737 basehttp 157 "GET / HTTP/1.1" 200 21683
INFO 2021-06-09 08:07:49,379 basehttp 157 "POST /upload/ HTTP/1.1" 200 526313
INFO 2021-06-09 08:10:08,380 autoreload 617 Watching for file changes with StatReloader
INFO 2021-06-09 08:10:15,015 basehttp 157 "GET / HTTP/1.1" 200 22117
INFO 2021-06-09 08:10:24,350 basehttp 157 "POST /upload/ HTTP/1.1" 200 526313
INFO 2021-06-09 08:10:36,887 basehttp 157 "GET /query?ALGO_select=Forest HTTP/1.1" 200 700009
INFO 2021-06-09 08:10:54,505 basehttp 157 "GET /query?Gap_filling=Interpolate HTTP/1.1" 200 3037497
INFO 2021-06-09 08:11:10,573 basehttp 157 "GET /query?ALGO_select=Forest HTTP/1.1" 200 3638815
INFO 2021-06-09 08:11:27,414 basehttp 157 "POST /upload/ HTTP/1.1" 200 527437
INFO 2021-06-09 08:12:21,218 basehttp 157 "GET / HTTP/1.1" 200 22117
INFO 2021-06-09 08:12:43,976 basehttp 157 "POST /upload/ HTTP/1.1" 200 527437
INFO 2021-06-09 08:12:49,427 basehttp 157 "GET /query?ALGO_select=Forest HTTP/1.1" 200 698391
INFO 2021-06-09 08:13:04,006 basehttp 157 "POST /upload/ HTTP/1.1" 200 526313
INFO 2021-06-09 08:14:46,096 autoreload 617 Watching for file changes with StatReloader
INFO 2021-06-09 08:15:00,456 autoreload 617 Watching for file changes with StatReloader
INFO 2021-06-09 08:15:13,144 basehttp 157 "GET / HTTP/1.1" 200 21332
INFO 2021-06-09 08:15:24,011 basehttp 157 "POST /upload/ HTTP/1.1" 200 526313
INFO 2021-06-09 08:15:38,118 basehttp 157 "POST /upload/ HTTP/1.1" 200 527437
INFO 2021-06-09 08:16:28,201 autoreload 617 Watching for file changes with StatReloader
INFO 2021-06-09 08:16:36,709 basehttp 157 "GET / HTTP/1.1" 200 20843
INFO 2021-06-09 08:16:46,722 basehttp 157 "POST /upload/ HTTP/1.1" 200 526313
INFO 2021-06-09 08:16:54,474 basehttp 157 "GET /query?ALGO_select=Forest HTTP/1.1" 200 700021
INFO 2021-06-09 08:17:07,610 basehttp 157 "POST /upload/ HTTP/1.1" 200 527437
INFO 2021-06-09 08:19:07,422 autoreload 617 Watching for file changes with StatReloader
INFO 2021-06-09 08:20:04,023 basehttp 157 "GET / HTTP/1.1" 200 21018
INFO 2021-06-09 08:20:16,162 basehttp 157 "POST /upload/ HTTP/1.1" 200 526313
INFO 2021-06-09 08:30:54,251 autoreload 617 Watching for file changes with StatReloader
INFO 2021-06-09 08:30:59,655 basehttp 157 "GET / HTTP/1.1" 200 21459
INFO 2021-06-09 08:31:11,174 basehttp 157 "POST /upload/ HTTP/1.1" 200 526313
INFO 2021-06-09 08:31:24,938 basehttp 157 "GET /query?ALGO_select=Forest HTTP/1.1" 200 700007
INFO 2021-06-09 08:31:42,026 basehttp 157 "POST /upload/ HTTP/1.1" 200 527437
INFO 2021-06-09 08:32:00,849 basehttp 157 "GET /query?Gap_filling=Interpolate HTTP/1.1" 200 2899360
INFO 2021-06-09 08:32:18,989 basehttp 157 "GET /query?ALGO_select=Forest HTTP/1.1" 200 3501344
INFO 2021-06-09 08:32:40,944 basehttp 157 "POST /upload/ HTTP/1.1" 200 527488
INFO 2021-06-09 08:34:45,330 autoreload 617 Watching for file changes with StatReloader
INFO 2021-06-09 08:34:48,861 basehttp 157 "GET / HTTP/1.1" 200 22209
INFO 2021-06-09 08:35:06,910 basehttp 157 "POST /upload/ HTTP/1.1" 200 526313
INFO 2021-06-09 08:35:19,357 basehttp 157 "GET /query?ALGO_select=Forest HTTP/1.1" 200 700009
INFO 2021-06-09 08:35:47,355 basehttp 157 "GET /query?Gap_filling=Interpolate HTTP/1.1" 200 3037467
INFO 2021-06-09 08:36:02,653 basehttp 157 "POST /upload/ HTTP/1.1" 200 526313
INFO 2021-06-09 08:36:22,601 basehttp 157 "GET /query?Gap_filling=Interpolate HTTP/1.1" 200 2960681
INFO 2021-06-09 08:36:47,542 basehttp 157 "GET /query?ALGO_select=Forest HTTP/1.1" 200 3562542
INFO 2021-06-09 08:37:13,070 basehttp 157 "POST /upload/ HTTP/1.1" 200 527488
INFO 2021-06-09 08:40:42,516 autoreload 617 Watching for file changes with StatReloader
INFO 2021-06-09 08:40:59,358 basehttp 157 "GET / HTTP/1.1" 200 22209
INFO 2021-06-09 08:41:16,024 basehttp 157 "POST /upload/ HTTP/1.1" 200 527488
INFO 2021-06-09 08:41:39,699 basehttp 157 "POST /upload/ HTTP/1.1" 200 526313
INFO 2021-07-07 08:29:50,247 autoreload 617 Watching for file changes with StatReloader
INFO 2021-07-07 08:29:58,415 basehttp 157 "GET / HTTP/1.1" 200 22209
INFO 2021-07-07 08:29:58,491 basehttp 157 "GET /static/DataTables-1.10.23/css/dataTables.semanticui.min.css HTTP/1.1" 304 0
INFO 2021-07-07 08:29:58,535 basehttp 157 "GET /static/Semantic-UI-CSS-master/semantic.min.css HTTP/1.1" 200 379837
INFO 2021-07-07 08:29:58,538 basehttp 157 "GET /static/DataTables-1.10.23/js/jquery.dataTables.min.js HTTP/1.1" 200 86533
INFO 2021-07-07 08:29:58,556 basehttp 157 "GET /static/DataTables-1.10.23/js/dataTables.semanticui.min.js HTTP/1.1" 304 0
INFO 2021-07-07 08:29:58,560 basehttp 157 "GET /static/DataTables-1.10.23/js/percentageBars.js HTTP/1.1" 304 0
INFO 2021-07-07 08:29:58,561 basehttp 157 "GET /static/Semantic-UI-CSS-master/semantic.js HTTP/1.1" 200 526094
WARNING 2021-07-07 08:30:00,379 log 230 Not Found: /favicon.ico
WARNING 2021-07-07 08:30:00,380 basehttp 157 "GET /favicon.ico HTTP/1.1" 404 2831
ERROR 2021-07-07 08:30:28,073 log 230 Internal Server Error: /upload/
Traceback (most recent call last):
  File "/home/kejunxi/Downloads/ENTER/envs/django_detection/lib/python3.7/site-packages/django/core/handlers/exception.py", line 47, in inner
    response = get_response(request)
  File "/home/kejunxi/Downloads/ENTER/envs/django_detection/lib/python3.7/site-packages/django/core/handlers/base.py", line 179, in _get_response
    response = wrapped_callback(request, *callback_args, **callback_kwargs)
  File "/home/kejunxi/PycharmProjects/outlier_detection/django_web/views.py", line 40, in upload
    csv = pd.read_excel(file)
  File "/home/kejunxi/Downloads/ENTER/envs/django_detection/lib/python3.7/site-packages/pandas/util/_decorators.py", line 296, in wrapper
    return func(*args, **kwargs)
  File "/home/kejunxi/Downloads/ENTER/envs/django_detection/lib/python3.7/site-packages/pandas/io/excel/_base.py", line 304, in read_excel
    io = ExcelFile(io, engine=engine)
  File "/home/kejunxi/Downloads/ENTER/envs/django_detection/lib/python3.7/site-packages/pandas/io/excel/_base.py", line 867, in __init__
    self._reader = self._engines[engine](self._io)
  File "/home/kejunxi/Downloads/ENTER/envs/django_detection/lib/python3.7/site-packages/pandas/io/excel/_xlrd.py", line 22, in __init__
    super().__init__(filepath_or_buffer)
  File "/home/kejunxi/Downloads/ENTER/envs/django_detection/lib/python3.7/site-packages/pandas/io/excel/_base.py", line 351, in __init__
    self.book = self.load_workbook(filepath_or_buffer)
  File "/home/kejunxi/Downloads/ENTER/envs/django_detection/lib/python3.7/site-packages/pandas/io/excel/_xlrd.py", line 35, in load_workbook
    return open_workbook(file_contents=data)
  File "/home/kejunxi/Downloads/ENTER/envs/django_detection/lib/python3.7/site-packages/xlrd/__init__.py", line 157, in open_workbook
    ragged_rows=ragged_rows,
  File "/home/kejunxi/Downloads/ENTER/envs/django_detection/lib/python3.7/site-packages/xlrd/book.py", line 92, in open_workbook_xls
    biff_version = bk.getbof(XL_WORKBOOK_GLOBALS)
  File "/home/kejunxi/Downloads/ENTER/envs/django_detection/lib/python3.7/site-packages/xlrd/book.py", line 1278, in getbof
    bof_error('Expected BOF record; found %r' % self.mem[savpos:savpos+8])
  File "/home/kejunxi/Downloads/ENTER/envs/django_detection/lib/python3.7/site-packages/xlrd/book.py", line 1272, in bof_error
    raise XLRDError('Unsupported format, or corrupt file: ' + msg)
xlrd.biffh.XLRDError: Unsupported format, or corrupt file: Expected BOF record; found b'{\n "cell'
ERROR 2021-07-07 08:30:28,077 basehttp 157 "POST /upload/ HTTP/1.1" 500 134369
INFO 2021-07-07 08:30:42,891 basehttp 157 "POST /upload/ HTTP/1.1" 200 526313
INFO 2021-07-07 08:33:39,148 autoreload 617 Watching for file changes with StatReloader
INFO 2021-07-07 08:33:41,766 basehttp 157 "GET / HTTP/1.1" 200 22209
INFO 2021-07-07 08:37:47,612 autoreload 617 Watching for file changes with StatReloader
INFO 2021-07-07 08:37:53,090 basehttp 157 "GET / HTTP/1.1" 200 22318
INFO 2021-07-07 08:38:09,520 basehttp 157 "POST /upload/ HTTP/1.1" 200 526313
INFO 2021-07-07 08:41:25,130 autoreload 617 Watching for file changes with StatReloader
INFO 2021-07-07 08:41:28,304 basehttp 157 "GET / HTTP/1.1" 200 22318
INFO 2021-07-07 08:41:57,870 basehttp 157 "POST /upload/ HTTP/1.1" 200 18872437
INFO 2021-07-07 09:11:36,152 autoreload 617 Watching for file changes with StatReloader
INFO 2021-07-07 09:11:45,164 basehttp 157 "GET / HTTP/1.1" 200 22316
INFO 2021-07-07 09:11:53,932 basehttp 157 "POST /upload/ HTTP/1.1" 200 526313
INFO 2021-07-07 09:14:14,834 autoreload 617 Watching for file changes with StatReloader
INFO 2021-07-07 09:14:20,269 basehttp 157 "GET / HTTP/1.1" 200 22310
INFO 2021-07-07 09:14:29,502 basehttp 157 "POST /upload/ HTTP/1.1" 200 526313
INFO 2021-07-07 09:19:11,244 autoreload 617 Watching for file changes with StatReloader
INFO 2021-07-07 09:19:13,970 basehttp 157 "GET / HTTP/1.1" 200 22350
INFO 2021-07-07 09:19:29,903 basehttp 157 "POST /upload/ HTTP/1.1" 200 527488
INFO 2021-07-07 09:24:51,398 autoreload 617 Watching for file changes with StatReloader
INFO 2021-07-07 09:24:53,846 basehttp 157 "GET / HTTP/1.1" 200 22350
INFO 2021-07-07 09:25:06,600 basehttp 157 "POST /upload/ HTTP/1.1" 200 527437
INFO 2021-07-07 09:25:33,779 basehttp 157 "POST /upload/ HTTP/1.1" 200 526313
INFO 2021-07-07 09:25:37,633 basehttp 157 "GET / HTTP/1.1" 200 22350
INFO 2021-07-07 09:25:49,108 basehttp 157 "GET / HTTP/1.1" 200 22275
INFO 2021-07-07 09:25:58,508 basehttp 157 "POST /upload/ HTTP/1.1" 200 526313
INFO 2021-07-07 09:30:25,073 autoreload 617 Watching for file changes with StatReloader
INFO 2021-07-07 09:30:36,993 basehttp 157 "GET / HTTP/1.1" 200 22344
INFO 2021-07-07 09:30:44,977 basehttp 157 "POST /upload/ HTTP/1.1" 200 526313
INFO 2021-07-07 09:30:56,901 basehttp 157 "GET / HTTP/1.1" 200 22344
INFO 2021-07-07 09:33:59,641 autoreload 617 Watching for file changes with StatReloader
INFO 2021-07-07 09:34:02,207 basehttp 157 "GET / HTTP/1.1" 200 22339
INFO 2021-07-07 09:34:13,012 basehttp 157 "POST /upload/ HTTP/1.1" 200 526313
INFO 2021-07-07 09:38:12,297 autoreload 617 Watching for file changes with StatReloader
INFO 2021-07-07 09:38:14,653 basehttp 157 "GET / HTTP/1.1" 200 22354
INFO 2021-07-07 09:38:24,706 basehttp 157 "POST /upload/ HTTP/1.1" 200 526313
INFO 2021-07-07 09:38:36,667 basehttp 157 "GET / HTTP/1.1" 200 22354
INFO 2021-07-07 09:43:34,402 autoreload 617 Watching for file changes with StatReloader
INFO 2021-07-07 09:43:39,420 basehttp 157 "GET / HTTP/1.1" 200 22357
INFO 2021-07-07 09:43:53,738 basehttp 157 "POST /upload/ HTTP/1.1" 200 526313
INFO 2021-07-07 09:45:32,386 basehttp 157 "POST /upload/ HTTP/1.1" 200 527437
INFO 2021-07-07 09:45:49,652 basehttp 157 "GET / HTTP/1.1" 200 22357
INFO 2021-07-07 09:49:52,388 autoreload 617 Watching for file changes with StatReloader
INFO 2021-07-07 09:50:04,080 basehttp 157 "GET / HTTP/1.1" 200 22359
INFO 2021-07-07 09:50:13,652 basehttp 157 "POST /upload/ HTTP/1.1" 200 526313
INFO 2021-07-07 09:50:36,888 autoreload 617 Watching for file changes with StatReloader
INFO 2021-07-07 09:50:39,685 basehttp 157 "GET / HTTP/1.1" 200 22372
INFO 2021-07-07 09:50:49,054 basehttp 157 "POST /upload/ HTTP/1.1" 200 527488
INFO 2021-07-07 09:51:12,215 autoreload 617 Watching for file changes with StatReloader
INFO 2021-07-07 09:51:16,600 basehttp 157 "GET / HTTP/1.1" 200 22372
INFO 2021-07-07 09:51:29,704 basehttp 157 "POST /upload/ HTTP/1.1" 200 526313
INFO 2021-07-07 09:53:42,863 autoreload 617 Watching for file changes with StatReloader
INFO 2021-07-07 09:53:48,490 basehttp 157 "GET / HTTP/1.1" 200 22412
INFO 2021-07-07 09:54:03,549 basehttp 157 "POST /upload/ HTTP/1.1" 200 526313
INFO 2021-07-07 09:56:30,562 autoreload 617 Watching for file changes with StatReloader
INFO 2021-07-07 09:56:33,062 basehttp 157 "GET / HTTP/1.1" 200 22359
INFO 2021-07-07 09:56:44,542 basehttp 157 "POST /upload/ HTTP/1.1" 200 526313
INFO 2021-07-07 09:57:40,902 autoreload 617 Watching for file changes with StatReloader
INFO 2021-07-07 09:57:44,448 basehttp 157 "GET / HTTP/1.1" 200 22485
INFO 2021-07-07 09:57:53,932 basehttp 157 "POST /upload/ HTTP/1.1" 200 526313
INFO 2021-07-07 10:00:08,727 autoreload 617 Watching for file changes with StatReloader
INFO 2021-07-07 10:00:15,091 basehttp 157 "GET / HTTP/1.1" 200 22500
INFO 2021-07-07 10:00:33,645 basehttp 157 "POST /upload/ HTTP/1.1" 200 526313
INFO 2021-07-07 10:01:29,830 basehttp 157 "POST /upload/ HTTP/1.1" 200 527488
INFO 2021-07-07 10:10:32,079 autoreload 617 Watching for file changes with StatReloader
INFO 2021-07-07 10:10:34,828 basehttp 157 "GET / HTTP/1.1" 200 22496
INFO 2021-07-07 10:10:44,390 basehttp 157 "POST /upload/ HTTP/1.1" 200 526334
INFO 2021-07-07 10:12:20,650 autoreload 617 Watching for file changes with StatReloader
INFO 2021-07-07 10:12:24,677 basehttp 157 "GET / HTTP/1.1" 200 22504
INFO 2021-07-07 10:12:37,609 basehttp 157 "POST /upload/ HTTP/1.1" 200 526342
INFO 2021-07-07 10:12:52,738 basehttp 157 "GET /query?ALGO_select=Default HTTP/1.1" 200 699998
INFO 2021-07-07 10:19:08,020 basehttp 157 "GET /query?Gap_filling=Interpolate HTTP/1.1" 200 3036278
INFO 2021-07-07 10:19:23,413 basehttp 157 "GET / HTTP/1.1" 200 22438
INFO 2021-07-07 11:00:53,336 autoreload 617 Watching for file changes with StatReloader
INFO 2021-07-07 11:01:10,911 basehttp 157 "GET / HTTP/1.1" 200 22438
INFO 2021-07-07 11:01:11,901 autoreload 240 /home/kejunxi/PycharmProjects/outlier_detection/django_web/views.py changed, reloading.
INFO 2021-07-07 11:01:13,989 autoreload 617 Watching for file changes with StatReloader
INFO 2021-07-07 11:01:23,011 basehttp 157 "POST /upload/ HTTP/1.1" 200 526342
INFO 2021-07-07 11:06:27,126 autoreload 617 Watching for file changes with StatReloader
INFO 2021-07-07 11:06:33,508 basehttp 157 "GET / HTTP/1.1" 200 22438
INFO 2021-07-07 11:06:42,379 basehttp 157 "POST /upload/ HTTP/1.1" 200 526342
INFO 2021-07-07 11:11:02,259 autoreload 617 Watching for file changes with StatReloader
INFO 2021-07-07 11:11:07,214 basehttp 157 "GET / HTTP/1.1" 200 22438
INFO 2021-07-07 11:11:16,622 basehttp 157 "POST /upload/ HTTP/1.1" 200 526342
INFO 2021-07-07 11:11:29,712 basehttp 157 "GET /query?ALGO_select=Forest HTTP/1.1" 200 700018
INFO 2021-07-07 14:53:28,486 autoreload 617 Watching for file changes with StatReloader
INFO 2021-07-07 14:53:34,538 basehttp 157 "GET / HTTP/1.1" 200 22438
WARNING 2021-07-07 14:53:37,250 log 230 Not Found: /favicon.ico
WARNING 2021-07-07 14:53:37,251 basehttp 157 "GET /favicon.ico HTTP/1.1" 404 2831
INFO 2021-07-07 15:16:34,421 autoreload 617 Watching for file changes with StatReloader
INFO 2021-07-07 15:16:48,954 basehttp 157 "GET / HTTP/1.1" 200 22569
ERROR 2021-07-07 15:16:59,881 log 230 Internal Server Error: /upload/
Traceback (most recent call last):
  File "/home/kejunxi/Downloads/ENTER/envs/django_detection/lib/python3.7/site-packages/django/utils/datastructures.py", line 76, in __getitem__
    list_ = super().__getitem__(key)
KeyError: 'dim'

During handling of the above exception, another exception occurred:

Traceback (most recent call last):
  File "/home/kejunxi/Downloads/ENTER/envs/django_detection/lib/python3.7/site-packages/django/core/handlers/exception.py", line 47, in inner
    response = get_response(request)
  File "/home/kejunxi/Downloads/ENTER/envs/django_detection/lib/python3.7/site-packages/django/core/handlers/base.py", line 179, in _get_response
    response = wrapped_callback(request, *callback_args, **callback_kwargs)
  File "/home/kejunxi/PycharmProjects/outlier_detection/django_web/views.py", line 74, in upload
    print(request.FILES["dim"])
  File "/home/kejunxi/Downloads/ENTER/envs/django_detection/lib/python3.7/site-packages/django/utils/datastructures.py", line 78, in __getitem__
    raise MultiValueDictKeyError(key)
django.utils.datastructures.MultiValueDictKeyError: 'dim'
ERROR 2021-07-07 15:16:59,882 basehttp 157 "POST /upload/ HTTP/1.1" 500 77371
ERROR 2021-07-07 15:17:12,025 log 230 Internal Server Error: /upload/
Traceback (most recent call last):
  File "/home/kejunxi/Downloads/ENTER/envs/django_detection/lib/python3.7/site-packages/django/utils/datastructures.py", line 76, in __getitem__
    list_ = super().__getitem__(key)
KeyError: 'dim'

During handling of the above exception, another exception occurred:

Traceback (most recent call last):
  File "/home/kejunxi/Downloads/ENTER/envs/django_detection/lib/python3.7/site-packages/django/core/handlers/exception.py", line 47, in inner
    response = get_response(request)
  File "/home/kejunxi/Downloads/ENTER/envs/django_detection/lib/python3.7/site-packages/django/core/handlers/base.py", line 179, in _get_response
    response = wrapped_callback(request, *callback_args, **callback_kwargs)
  File "/home/kejunxi/PycharmProjects/outlier_detection/django_web/views.py", line 74, in upload
    print(request.FILES["dim"])
  File "/home/kejunxi/Downloads/ENTER/envs/django_detection/lib/python3.7/site-packages/django/utils/datastructures.py", line 78, in __getitem__
    raise MultiValueDictKeyError(key)
django.utils.datastructures.MultiValueDictKeyError: 'dim'
ERROR 2021-07-07 15:17:12,027 basehttp 157 "POST /upload/ HTTP/1.1" 500 77371
INFO 2021-07-07 15:19:44,279 autoreload 617 Watching for file changes with StatReloader
INFO 2021-07-07 15:19:47,859 basehttp 157 "GET / HTTP/1.1" 200 22569
INFO 2021-07-07 15:20:03,007 basehttp 157 "POST /upload/ HTTP/1.1" 200 526342
INFO 2021-07-07 15:20:44,987 basehttp 157 "GET / HTTP/1.1" 200 22569
INFO 2021-07-07 15:20:57,060 basehttp 157 "POST /upload/ HTTP/1.1" 200 527517
INFO 2021-07-07 15:24:33,859 autoreload 617 Watching for file changes with StatReloader
INFO 2021-07-07 15:24:38,952 basehttp 157 "GET / HTTP/1.1" 200 22588
INFO 2021-07-07 15:24:50,419 basehttp 157 "POST /upload/ HTTP/1.1" 200 527517
INFO 2021-07-07 15:38:43,529 autoreload 617 Watching for file changes with StatReloader
INFO 2021-07-07 15:38:46,850 basehttp 157 "GET / HTTP/1.1" 200 22624
INFO 2021-07-07 15:39:29,780 basehttp 157 "POST /upload/ HTTP/1.1" 200 526342
INFO 2021-07-07 15:40:33,153 autoreload 617 Watching for file changes with StatReloader
INFO 2021-07-07 15:40:36,308 basehttp 157 "GET / HTTP/1.1" 200 22648
INFO 2021-07-07 15:40:44,156 basehttp 157 "POST /upload/ HTTP/1.1" 200 526342
INFO 2021-07-07 15:44:10,786 autoreload 617 Watching for file changes with StatReloader
INFO 2021-07-07 15:44:15,522 basehttp 157 "GET / HTTP/1.1" 200 22648
INFO 2021-07-07 15:44:26,555 basehttp 157 "POST /upload/ HTTP/1.1" 200 526342
INFO 2021-07-07 15:45:03,977 autoreload 617 Watching for file changes with StatReloader
INFO 2021-07-07 15:45:06,916 basehttp 157 "GET / HTTP/1.1" 200 22648
INFO 2021-07-07 15:45:17,088 basehttp 157 "POST /upload/ HTTP/1.1" 200 527517
INFO 2021-07-07 15:46:58,706 autoreload 617 Watching for file changes with StatReloader
INFO 2021-07-07 15:47:01,648 basehttp 157 "GET / HTTP/1.1" 200 22648
INFO 2021-07-07 15:47:17,964 basehttp 157 "POST /upload/ HTTP/1.1" 200 526342
INFO 2021-07-07 16:11:35,674 autoreload 240 /home/kejunxi/PycharmProjects/outlier_detection/django_web/views.py changed, reloading.
INFO 2021-07-07 16:11:37,252 autoreload 617 Watching for file changes with StatReloader
INFO 2021-07-07 16:14:30,310 autoreload 617 Watching for file changes with StatReloader
INFO 2021-07-07 16:14:37,971 basehttp 157 "GET / HTTP/1.1" 200 22648
INFO 2021-07-07 16:15:19,987 basehttp 157 "POST /upload/ HTTP/1.1" 200 1569078
INFO 2021-07-07 16:20:55,951 autoreload 240 /home/kejunxi/PycharmProjects/outlier_detection/django_web/views.py changed, reloading.
INFO 2021-07-07 16:20:57,890 autoreload 617 Watching for file changes with StatReloader
INFO 2021-07-07 16:22:42,705 autoreload 617 Watching for file changes with StatReloader
INFO 2021-07-07 16:22:45,794 basehttp 157 "GET / HTTP/1.1" 200 22648
INFO 2021-07-07 16:22:56,282 basehttp 157 "POST /upload/ HTTP/1.1" 200 1734686
INFO 2021-07-07 16:23:54,092 basehttp 157 "GET / HTTP/1.1" 200 22648
INFO 2021-07-07 16:24:37,160 basehttp 157 "POST /upload/ HTTP/1.1" 200 21544606
INFO 2021-07-07 16:28:46,265 autoreload 240 /home/kejunxi/PycharmProjects/outlier_detection/django_web/views.py changed, reloading.
INFO 2021-07-07 16:28:48,301 autoreload 617 Watching for file changes with StatReloader
INFO 2021-07-07 16:29:38,294 autoreload 240 /home/kejunxi/PycharmProjects/outlier_detection/django_web/views.py changed, reloading.
INFO 2021-07-07 16:29:39,354 autoreload 617 Watching for file changes with StatReloader
INFO 2021-07-07 16:30:49,970 autoreload 617 Watching for file changes with StatReloader
INFO 2021-07-07 16:30:53,861 basehttp 157 "GET / HTTP/1.1" 200 22648
INFO 2021-07-07 16:31:12,323 basehttp 157 "POST /upload/ HTTP/1.1" 200 1735003
INFO 2021-07-07 16:38:29,873 autoreload 240 /home/kejunxi/PycharmProjects/outlier_detection/django_web/views.py changed, reloading.
INFO 2021-07-07 16:38:31,338 autoreload 617 Watching for file changes with StatReloader
INFO 2021-07-07 16:38:53,037 autoreload 617 Watching for file changes with StatReloader
INFO 2021-07-07 16:39:00,011 basehttp 157 "GET / HTTP/1.1" 200 22648
INFO 2021-07-07 16:39:13,096 basehttp 157 "POST /upload/ HTTP/1.1" 200 1991281
INFO 2021-07-07 16:43:09,637 basehttp 157 "GET / HTTP/1.1" 200 22648
INFO 2021-07-07 16:43:29,802 basehttp 157 "POST /upload/ HTTP/1.1" 200 1991281
INFO 2021-07-07 16:49:15,380 basehttp 157 "GET / HTTP/1.1" 200 22648
INFO 2021-07-07 16:49:55,340 autoreload 617 Watching for file changes with StatReloader
INFO 2021-07-07 16:50:07,799 basehttp 157 "GET / HTTP/1.1" 200 22648
INFO 2021-07-07 16:50:18,363 basehttp 157 "POST /upload/ HTTP/1.1" 200 797332
INFO 2021-07-07 16:51:00,353 basehttp 157 "POST /upload/ HTTP/1.1" 200 1991264
INFO 2021-07-07 16:52:02,816 autoreload 240 /home/kejunxi/PycharmProjects/outlier_detection/django_web/views.py changed, reloading.
INFO 2021-07-07 16:52:04,046 autoreload 617 Watching for file changes with StatReloader
INFO 2021-07-07 16:52:57,690 autoreload 617 Watching for file changes with StatReloader
INFO 2021-07-07 16:53:02,013 basehttp 157 "GET / HTTP/1.1" 200 22648
INFO 2021-07-07 16:53:16,749 basehttp 157 "POST /upload/ HTTP/1.1" 200 2163448
INFO 2021-07-07 16:56:39,277 basehttp 157 "GET / HTTP/1.1" 200 22648
INFO 2021-07-07 16:57:45,953 basehttp 157 "POST /upload/ HTTP/1.1" 200 26976746
INFO 2021-07-07 17:05:01,828 autoreload 617 Watching for file changes with StatReloader
INFO 2021-07-07 17:07:20,157 basehttp 157 "GET / HTTP/1.1" 200 22648
INFO 2021-07-07 17:07:57,686 basehttp 157 "POST /upload/ HTTP/1.1" 200 526342
INFO 2021-07-07 17:08:06,292 basehttp 157 "GET / HTTP/1.1" 200 22648
INFO 2021-07-07 17:08:42,886 basehttp 157 "POST /upload/ HTTP/1.1" 200 22782397
INFO 2021-07-09 05:50:13,734 autoreload 617 Watching for file changes with StatReloader
INFO 2021-07-09 05:51:23,490 autoreload 617 Watching for file changes with StatReloader
INFO 2021-07-09 05:51:43,478 basehttp 157 "GET / HTTP/1.1" 200 22648
WARNING 2021-07-09 05:51:45,178 log 230 Not Found: /favicon.ico
WARNING 2021-07-09 05:51:45,179 basehttp 157 "GET /favicon.ico HTTP/1.1" 404 2831
INFO 2021-07-09 05:53:25,437 autoreload 617 Watching for file changes with StatReloader
INFO 2021-07-09 05:54:07,754 basehttp 157 "GET / HTTP/1.1" 200 22711
INFO 2021-07-09 05:54:51,989 basehttp 157 "POST /upload/ HTTP/1.1" 200 16560998
ERROR 2021-07-09 05:56:33,941 log 230 Internal Server Error: /query
Traceback (most recent call last):
  File "/home/kejunxi/Downloads/ENTER/envs/django_detection/lib/python3.7/site-packages/django/core/handlers/exception.py", line 47, in inner
    response = get_response(request)
  File "/home/kejunxi/Downloads/ENTER/envs/django_detection/lib/python3.7/site-packages/django/core/handlers/base.py", line 181, in _get_response
    response = wrapped_callback(request, *callback_args, **callback_kwargs)
  File "/home/kejunxi/PycharmProjects/outlier_detection/django_web/views.py", line 210, in query
    pd_data = lstm_detection(csv, contamination=0.05)
  File "/home/kejunxi/PycharmProjects/outlier_detection/django_web/detection.py", line 126, in lstm_detection
    model = load_model('KLT12_flowRate1_model2.h5', compile=False)
  File "/home/kejunxi/Downloads/ENTER/envs/django_detection/lib/python3.7/site-packages/tensorflow/python/keras/saving/save.py", line 202, in load_model
    compile)
  File "/home/kejunxi/Downloads/ENTER/envs/django_detection/lib/python3.7/site-packages/tensorflow/python/keras/saving/hdf5_format.py", line 181, in load_model_from_hdf5
    custom_objects=custom_objects)
  File "/home/kejunxi/Downloads/ENTER/envs/django_detection/lib/python3.7/site-packages/tensorflow/python/keras/saving/model_config.py", line 59, in model_from_config
    return deserialize(config, custom_objects=custom_objects)
  File "/home/kejunxi/Downloads/ENTER/envs/django_detection/lib/python3.7/site-packages/tensorflow/python/keras/layers/serialization.py", line 163, in deserialize
    printable_module_name='layer')
  File "/home/kejunxi/Downloads/ENTER/envs/django_detection/lib/python3.7/site-packages/tensorflow/python/keras/utils/generic_utils.py", line 672, in deserialize_keras_object
    list(custom_objects.items())))
  File "/home/kejunxi/Downloads/ENTER/envs/django_detection/lib/python3.7/site-packages/tensorflow/python/keras/engine/sequential.py", line 499, in from_config
    model.add(layer)
  File "/home/kejunxi/Downloads/ENTER/envs/django_detection/lib/python3.7/site-packages/tensorflow/python/training/tracking/base.py", line 522, in _method_wrapper
    result = method(self, *args, **kwargs)
  File "/home/kejunxi/Downloads/ENTER/envs/django_detection/lib/python3.7/site-packages/tensorflow/python/keras/engine/sequential.py", line 228, in add
    output_tensor = layer(self.outputs[0])
  File "/home/kejunxi/Downloads/ENTER/envs/django_detection/lib/python3.7/site-packages/tensorflow/python/keras/layers/recurrent.py", line 668, in __call__
    return super(RNN, self).__call__(inputs, **kwargs)
  File "/home/kejunxi/Downloads/ENTER/envs/django_detection/lib/python3.7/site-packages/tensorflow/python/keras/engine/base_layer.py", line 970, in __call__
    input_list)
  File "/home/kejunxi/Downloads/ENTER/envs/django_detection/lib/python3.7/site-packages/tensorflow/python/keras/engine/base_layer.py", line 1108, in _functional_construction_call
    inputs, input_masks, args, kwargs)
  File "/home/kejunxi/Downloads/ENTER/envs/django_detection/lib/python3.7/site-packages/tensorflow/python/keras/engine/base_layer.py", line 840, in _keras_tensor_symbolic_call
    return self._infer_output_signature(inputs, args, kwargs, input_masks)
  File "/home/kejunxi/Downloads/ENTER/envs/django_detection/lib/python3.7/site-packages/tensorflow/python/keras/engine/base_layer.py", line 880, in _infer_output_signature
    outputs = call_fn(inputs, *args, **kwargs)
  File "/home/kejunxi/Downloads/ENTER/envs/django_detection/lib/python3.7/site-packages/tensorflow/python/keras/layers/recurrent_v2.py", line 1153, in call
    inputs, initial_state, _ = self._process_inputs(inputs, initial_state, None)
  File "/home/kejunxi/Downloads/ENTER/envs/django_detection/lib/python3.7/site-packages/tensorflow/python/keras/layers/recurrent.py", line 868, in _process_inputs
    initial_state = self.get_initial_state(inputs)
  File "/home/kejunxi/Downloads/ENTER/envs/django_detection/lib/python3.7/site-packages/tensorflow/python/keras/layers/recurrent.py", line 651, in get_initial_state
    inputs=None, batch_size=batch_size, dtype=dtype)
  File "/home/kejunxi/Downloads/ENTER/envs/django_detection/lib/python3.7/site-packages/tensorflow/python/keras/layers/recurrent.py", line 2517, in get_initial_state
    self, inputs, batch_size, dtype))
  File "/home/kejunxi/Downloads/ENTER/envs/django_detection/lib/python3.7/site-packages/tensorflow/python/keras/layers/recurrent.py", line 2998, in _generate_zero_filled_state_for_cell
    return _generate_zero_filled_state(batch_size, cell.state_size, dtype)
  File "/home/kejunxi/Downloads/ENTER/envs/django_detection/lib/python3.7/site-packages/tensorflow/python/keras/layers/recurrent.py", line 3014, in _generate_zero_filled_state
    return nest.map_structure(create_zeros, state_size)
  File "/home/kejunxi/Downloads/ENTER/envs/django_detection/lib/python3.7/site-packages/tensorflow/python/util/nest.py", line 867, in map_structure
    structure[0], [func(*x) for x in entries],
  File "/home/kejunxi/Downloads/ENTER/envs/django_detection/lib/python3.7/site-packages/tensorflow/python/util/nest.py", line 867, in <listcomp>
    structure[0], [func(*x) for x in entries],
  File "/home/kejunxi/Downloads/ENTER/envs/django_detection/lib/python3.7/site-packages/tensorflow/python/keras/layers/recurrent.py", line 3011, in create_zeros
    return array_ops.zeros(init_state_size, dtype=dtype)
  File "/home/kejunxi/Downloads/ENTER/envs/django_detection/lib/python3.7/site-packages/tensorflow/python/util/dispatch.py", line 206, in wrapper
    return target(*args, **kwargs)
  File "/home/kejunxi/Downloads/ENTER/envs/django_detection/lib/python3.7/site-packages/tensorflow/python/ops/array_ops.py", line 2911, in wrapped
    tensor = fun(*args, **kwargs)
  File "/home/kejunxi/Downloads/ENTER/envs/django_detection/lib/python3.7/site-packages/tensorflow/python/ops/array_ops.py", line 2960, in zeros
    output = _constant_if_small(zero, shape, dtype, name)
  File "/home/kejunxi/Downloads/ENTER/envs/django_detection/lib/python3.7/site-packages/tensorflow/python/ops/array_ops.py", line 2896, in _constant_if_small
    if np.prod(shape) < 1000:
  File "<__array_function__ internals>", line 6, in prod
  File "/home/kejunxi/Downloads/ENTER/envs/django_detection/lib/python3.7/site-packages/numpy/core/fromnumeric.py", line 3052, in prod
    keepdims=keepdims, initial=initial, where=where)
  File "/home/kejunxi/Downloads/ENTER/envs/django_detection/lib/python3.7/site-packages/numpy/core/fromnumeric.py", line 86, in _wrapreduction
    return ufunc.reduce(obj, axis, dtype, out, **passkwargs)
  File "/home/kejunxi/Downloads/ENTER/envs/django_detection/lib/python3.7/site-packages/tensorflow/python/framework/ops.py", line 870, in __array__
    " a NumPy call, which is not supported".format(self.name))
NotImplementedError: Cannot convert a symbolic Tensor (lstm/strided_slice:0) to a numpy array. This error may indicate that you're trying to pass a Tensor to a NumPy call, which is not supported
ERROR 2021-07-09 05:56:33,955 basehttp 157 "GET /query?ALGO_select=Lstm HTTP/1.1" 500 274863
INFO 2021-07-09 06:02:00,860 autoreload 617 Watching for file changes with StatReloader
INFO 2021-07-09 06:02:05,817 basehttp 157 "GET / HTTP/1.1" 200 22711
INFO 2021-07-09 06:02:17,671 basehttp 157 "POST /upload/ HTTP/1.1" 200 1321161
ERROR 2021-07-09 06:02:30,256 log 230 Internal Server Error: /query
Traceback (most recent call last):
  File "/home/kejunxi/Downloads/ENTER/envs/django_detection/lib/python3.7/site-packages/django/core/handlers/exception.py", line 47, in inner
    response = get_response(request)
  File "/home/kejunxi/Downloads/ENTER/envs/django_detection/lib/python3.7/site-packages/django/core/handlers/base.py", line 181, in _get_response
    response = wrapped_callback(request, *callback_args, **callback_kwargs)
  File "/home/kejunxi/PycharmProjects/outlier_detection/django_web/views.py", line 210, in query
    pd_data = lstm_detection(csv, contamination=0.05)
  File "/home/kejunxi/PycharmProjects/outlier_detection/django_web/detection.py", line 126, in lstm_detection
    model = load_model('KLT12_flowRate1_model2.h5', compile=False)
  File "/home/kejunxi/Downloads/ENTER/envs/django_detection/lib/python3.7/site-packages/tensorflow/python/keras/saving/save.py", line 202, in load_model
    compile)
  File "/home/kejunxi/Downloads/ENTER/envs/django_detection/lib/python3.7/site-packages/tensorflow/python/keras/saving/hdf5_format.py", line 181, in load_model_from_hdf5
    custom_objects=custom_objects)
  File "/home/kejunxi/Downloads/ENTER/envs/django_detection/lib/python3.7/site-packages/tensorflow/python/keras/saving/model_config.py", line 59, in model_from_config
    return deserialize(config, custom_objects=custom_objects)
  File "/home/kejunxi/Downloads/ENTER/envs/django_detection/lib/python3.7/site-packages/tensorflow/python/keras/layers/serialization.py", line 163, in deserialize
    printable_module_name='layer')
  File "/home/kejunxi/Downloads/ENTER/envs/django_detection/lib/python3.7/site-packages/tensorflow/python/keras/utils/generic_utils.py", line 672, in deserialize_keras_object
    list(custom_objects.items())))
  File "/home/kejunxi/Downloads/ENTER/envs/django_detection/lib/python3.7/site-packages/tensorflow/python/keras/engine/sequential.py", line 499, in from_config
    model.add(layer)
  File "/home/kejunxi/Downloads/ENTER/envs/django_detection/lib/python3.7/site-packages/tensorflow/python/training/tracking/base.py", line 522, in _method_wrapper
    result = method(self, *args, **kwargs)
  File "/home/kejunxi/Downloads/ENTER/envs/django_detection/lib/python3.7/site-packages/tensorflow/python/keras/engine/sequential.py", line 228, in add
    output_tensor = layer(self.outputs[0])
  File "/home/kejunxi/Downloads/ENTER/envs/django_detection/lib/python3.7/site-packages/tensorflow/python/keras/layers/recurrent.py", line 668, in __call__
    return super(RNN, self).__call__(inputs, **kwargs)
  File "/home/kejunxi/Downloads/ENTER/envs/django_detection/lib/python3.7/site-packages/tensorflow/python/keras/engine/base_layer.py", line 970, in __call__
    input_list)
  File "/home/kejunxi/Downloads/ENTER/envs/django_detection/lib/python3.7/site-packages/tensorflow/python/keras/engine/base_layer.py", line 1108, in _functional_construction_call
    inputs, input_masks, args, kwargs)
  File "/home/kejunxi/Downloads/ENTER/envs/django_detection/lib/python3.7/site-packages/tensorflow/python/keras/engine/base_layer.py", line 840, in _keras_tensor_symbolic_call
    return self._infer_output_signature(inputs, args, kwargs, input_masks)
  File "/home/kejunxi/Downloads/ENTER/envs/django_detection/lib/python3.7/site-packages/tensorflow/python/keras/engine/base_layer.py", line 880, in _infer_output_signature
    outputs = call_fn(inputs, *args, **kwargs)
  File "/home/kejunxi/Downloads/ENTER/envs/django_detection/lib/python3.7/site-packages/tensorflow/python/keras/layers/recurrent_v2.py", line 1153, in call
    inputs, initial_state, _ = self._process_inputs(inputs, initial_state, None)
  File "/home/kejunxi/Downloads/ENTER/envs/django_detection/lib/python3.7/site-packages/tensorflow/python/keras/layers/recurrent.py", line 868, in _process_inputs
    initial_state = self.get_initial_state(inputs)
  File "/home/kejunxi/Downloads/ENTER/envs/django_detection/lib/python3.7/site-packages/tensorflow/python/keras/layers/recurrent.py", line 651, in get_initial_state
    inputs=None, batch_size=batch_size, dtype=dtype)
  File "/home/kejunxi/Downloads/ENTER/envs/django_detection/lib/python3.7/site-packages/tensorflow/python/keras/layers/recurrent.py", line 2517, in get_initial_state
    self, inputs, batch_size, dtype))
  File "/home/kejunxi/Downloads/ENTER/envs/django_detection/lib/python3.7/site-packages/tensorflow/python/keras/layers/recurrent.py", line 2998, in _generate_zero_filled_state_for_cell
    return _generate_zero_filled_state(batch_size, cell.state_size, dtype)
  File "/home/kejunxi/Downloads/ENTER/envs/django_detection/lib/python3.7/site-packages/tensorflow/python/keras/layers/recurrent.py", line 3014, in _generate_zero_filled_state
    return nest.map_structure(create_zeros, state_size)
  File "/home/kejunxi/Downloads/ENTER/envs/django_detection/lib/python3.7/site-packages/tensorflow/python/util/nest.py", line 867, in map_structure
    structure[0], [func(*x) for x in entries],
  File "/home/kejunxi/Downloads/ENTER/envs/django_detection/lib/python3.7/site-packages/tensorflow/python/util/nest.py", line 867, in <listcomp>
    structure[0], [func(*x) for x in entries],
  File "/home/kejunxi/Downloads/ENTER/envs/django_detection/lib/python3.7/site-packages/tensorflow/python/keras/layers/recurrent.py", line 3011, in create_zeros
    return array_ops.zeros(init_state_size, dtype=dtype)
  File "/home/kejunxi/Downloads/ENTER/envs/django_detection/lib/python3.7/site-packages/tensorflow/python/util/dispatch.py", line 206, in wrapper
    return target(*args, **kwargs)
  File "/home/kejunxi/Downloads/ENTER/envs/django_detection/lib/python3.7/site-packages/tensorflow/python/ops/array_ops.py", line 2911, in wrapped
    tensor = fun(*args, **kwargs)
  File "/home/kejunxi/Downloads/ENTER/envs/django_detection/lib/python3.7/site-packages/tensorflow/python/ops/array_ops.py", line 2960, in zeros
    output = _constant_if_small(zero, shape, dtype, name)
  File "/home/kejunxi/Downloads/ENTER/envs/django_detection/lib/python3.7/site-packages/tensorflow/python/ops/array_ops.py", line 2896, in _constant_if_small
    if np.prod(shape) < 1000:
  File "<__array_function__ internals>", line 6, in prod
  File "/home/kejunxi/Downloads/ENTER/envs/django_detection/lib/python3.7/site-packages/numpy/core/fromnumeric.py", line 3052, in prod
    keepdims=keepdims, initial=initial, where=where)
  File "/home/kejunxi/Downloads/ENTER/envs/django_detection/lib/python3.7/site-packages/numpy/core/fromnumeric.py", line 86, in _wrapreduction
    return ufunc.reduce(obj, axis, dtype, out, **passkwargs)
  File "/home/kejunxi/Downloads/ENTER/envs/django_detection/lib/python3.7/site-packages/tensorflow/python/framework/ops.py", line 870, in __array__
    " a NumPy call, which is not supported".format(self.name))
NotImplementedError: Cannot convert a symbolic Tensor (lstm/strided_slice:0) to a numpy array. This error may indicate that you're trying to pass a Tensor to a NumPy call, which is not supported
ERROR 2021-07-09 06:02:30,269 basehttp 157 "GET /query?ALGO_select=Lstm HTTP/1.1" 500 274834
INFO 2021-07-09 06:05:57,920 autoreload 240 /home/kejunxi/Downloads/ENTER/envs/django_detection/lib/python3.7/site-packages/numpy/lib/type_check.py changed, reloading.
INFO 2021-07-09 06:05:58,998 autoreload 617 Watching for file changes with StatReloader
INFO 2021-07-09 06:06:37,244 autoreload 617 Watching for file changes with StatReloader
INFO 2021-07-09 06:06:51,664 autoreload 617 Watching for file changes with StatReloader
INFO 2021-07-09 06:07:28,940 autoreload 617 Watching for file changes with StatReloader
INFO 2021-07-09 06:08:37,437 autoreload 240 /home/kejunxi/Downloads/ENTER/envs/django_detection/lib/python3.7/site-packages/numpy/__config__.py changed, reloading.
INFO 2021-07-09 06:08:38,093 autoreload 617 Watching for file changes with StatReloader
INFO 2021-07-09 06:14:43,624 autoreload 240 /home/kejunxi/Downloads/ENTER/envs/django_detection/lib/python3.7/site-packages/pkg_resources/_vendor/packaging/version.py changed, reloading.
INFO 2021-07-09 06:14:44,658 autoreload 617 Watching for file changes with StatReloader
INFO 2021-07-09 06:16:26,565 autoreload 617 Watching for file changes with StatReloader
INFO 2021-07-09 06:19:57,708 autoreload 617 Watching for file changes with StatReloader
INFO 2021-07-09 06:21:51,077 autoreload 617 Watching for file changes with StatReloader
INFO 2021-07-09 06:22:49,571 autoreload 617 Watching for file changes with StatReloader
INFO 2021-07-09 06:23:41,180 autoreload 617 Watching for file changes with StatReloader
INFO 2021-07-09 06:24:56,623 autoreload 240 /home/kejunxi/Downloads/ENTER/envs/django_detection/lib/python3.7/site-packages/keras/__init__.py changed, reloading.
INFO 2021-07-09 06:24:57,965 autoreload 617 Watching for file changes with StatReloader
INFO 2021-07-09 06:25:22,242 autoreload 617 Watching for file changes with StatReloader
INFO 2021-07-09 06:25:30,897 basehttp 157 "GET / HTTP/1.1" 200 22711
ERROR 2021-07-09 06:25:46,995 log 230 Internal Server Error: /upload/
Traceback (most recent call last):
  File "/home/kejunxi/Downloads/ENTER/envs/django_detection/lib/python3.7/site-packages/django/core/handlers/exception.py", line 47, in inner
    response = get_response(request)
  File "/home/kejunxi/Downloads/ENTER/envs/django_detection/lib/python3.7/site-packages/django/core/handlers/base.py", line 181, in _get_response
    response = wrapped_callback(request, *callback_args, **callback_kwargs)
  File "/home/kejunxi/PycharmProjects/outlier_detection/django_web/views.py", line 77, in upload
    csv = pd.read_excel(file)
  File "/home/kejunxi/Downloads/ENTER/envs/django_detection/lib/python3.7/site-packages/pandas/util/_decorators.py", line 311, in wrapper
    return func(*args, **kwargs)
  File "/home/kejunxi/Downloads/ENTER/envs/django_detection/lib/python3.7/site-packages/pandas/io/excel/_base.py", line 364, in read_excel
    io = ExcelFile(io, storage_options=storage_options, engine=engine)
  File "/home/kejunxi/Downloads/ENTER/envs/django_detection/lib/python3.7/site-packages/pandas/io/excel/_base.py", line 1233, in __init__
    self._reader = self._engines[engine](self._io, storage_options=storage_options)
  File "/home/kejunxi/Downloads/ENTER/envs/django_detection/lib/python3.7/site-packages/pandas/io/excel/_openpyxl.py", line 521, in __init__
    import_optional_dependency("openpyxl")
  File "/home/kejunxi/Downloads/ENTER/envs/django_detection/lib/python3.7/site-packages/pandas/compat/_optional.py", line 118, in import_optional_dependency
    raise ImportError(msg) from None
ImportError: Missing optional dependency 'openpyxl'.  Use pip or conda to install openpyxl.
ERROR 2021-07-09 06:25:46,996 basehttp 157 "POST /upload/ HTTP/1.1" 500 111090
INFO 2021-07-09 06:26:23,839 autoreload 617 Watching for file changes with StatReloader
INFO 2021-07-09 06:26:32,399 basehttp 157 "GET / HTTP/1.1" 200 22711
INFO 2021-07-09 06:26:48,809 basehttp 157 "POST /upload/ HTTP/1.1" 200 1321161
INFO 2021-07-09 06:28:16,395 basehttp 157 "GET /query?ALGO_select=Lstm HTTP/1.1" 200 1731887
ERROR 2021-07-09 06:28:39,784 log 230 Internal Server Error: /query
Traceback (most recent call last):
  File "/home/kejunxi/Downloads/ENTER/envs/django_detection/lib/python3.7/site-packages/django/core/handlers/exception.py", line 47, in inner
    response = get_response(request)
  File "/home/kejunxi/Downloads/ENTER/envs/django_detection/lib/python3.7/site-packages/django/core/handlers/base.py", line 181, in _get_response
    response = wrapped_callback(request, *callback_args, **callback_kwargs)
  File "/home/kejunxi/PycharmProjects/outlier_detection/django_web/views.py", line 428, in query
    pd_data = gap_filling(csv, form_dict['Gap_filling'][0])
  File "/home/kejunxi/PycharmProjects/outlier_detection/django_web/detection.py", line 87, in gap_filling
    df = df.interpolate(method='linear').ffill().bfill()
  File "/home/kejunxi/Downloads/ENTER/envs/django_detection/lib/python3.7/site-packages/pandas/util/_decorators.py", line 311, in wrapper
    return func(*args, **kwargs)
  File "/home/kejunxi/Downloads/ENTER/envs/django_detection/lib/python3.7/site-packages/pandas/core/frame.py", line 10717, in interpolate
    **kwargs,
  File "/home/kejunxi/Downloads/ENTER/envs/django_detection/lib/python3.7/site-packages/pandas/core/generic.py", line 6899, in interpolate
    **kwargs,
  File "/home/kejunxi/Downloads/ENTER/envs/django_detection/lib/python3.7/site-packages/pandas/core/internals/managers.py", line 377, in interpolate
    return self.apply("interpolate", **kwargs)
  File "/home/kejunxi/Downloads/ENTER/envs/django_detection/lib/python3.7/site-packages/pandas/core/internals/managers.py", line 327, in apply
    applied = getattr(b, f)(**kwargs)
  File "/home/kejunxi/Downloads/ENTER/envs/django_detection/lib/python3.7/site-packages/pandas/core/internals/blocks.py", line 1370, in interpolate
    new_values = values.fillna(value=fill_value, method=method, limit=limit)
  File "/home/kejunxi/Downloads/ENTER/envs/django_detection/lib/python3.7/site-packages/pandas/core/arrays/_mixins.py", line 219, in fillna
    value, method, validate_scalar_dict_value=False
  File "/home/kejunxi/Downloads/ENTER/envs/django_detection/lib/python3.7/site-packages/pandas/util/_validators.py", line 372, in validate_fillna_kwargs
    method = clean_fill_method(method)
  File "/home/kejunxi/Downloads/ENTER/envs/django_detection/lib/python3.7/site-packages/pandas/core/missing.py", line 120, in clean_fill_method
    raise ValueError(f"Invalid fill method. Expecting {expecting}. Got {method}")
ValueError: Invalid fill method. Expecting pad (ffill) or backfill (bfill). Got linear
ERROR 2021-07-09 06:28:39,798 basehttp 157 "GET /query?Gap_filling=Interpolate HTTP/1.1" 500 142452
INFO 2021-07-09 06:35:08,980 autoreload 617 Watching for file changes with StatReloader
INFO 2021-07-09 06:35:15,470 basehttp 157 "GET / HTTP/1.1" 200 22711
INFO 2021-07-09 06:35:26,103 basehttp 157 "POST /upload/ HTTP/1.1" 200 1321161
INFO 2021-07-09 06:35:40,376 basehttp 157 "GET /query?ALGO_select=Hbos HTTP/1.1" 200 1744064
ERROR 2021-07-09 06:35:46,144 log 230 Internal Server Error: /query
Traceback (most recent call last):
  File "/home/kejunxi/Downloads/ENTER/envs/django_detection/lib/python3.7/site-packages/django/core/handlers/exception.py", line 47, in inner
    response = get_response(request)
  File "/home/kejunxi/Downloads/ENTER/envs/django_detection/lib/python3.7/site-packages/django/core/handlers/base.py", line 181, in _get_response
    response = wrapped_callback(request, *callback_args, **callback_kwargs)
  File "/home/kejunxi/PycharmProjects/outlier_detection/django_web/views.py", line 428, in query
    pd_data = gap_filling(csv, form_dict['Gap_filling'][0])
  File "/home/kejunxi/PycharmProjects/outlier_detection/django_web/detection.py", line 87, in gap_filling
    df = df.interpolate(method='linear')
  File "/home/kejunxi/Downloads/ENTER/envs/django_detection/lib/python3.7/site-packages/pandas/util/_decorators.py", line 311, in wrapper
    return func(*args, **kwargs)
  File "/home/kejunxi/Downloads/ENTER/envs/django_detection/lib/python3.7/site-packages/pandas/core/frame.py", line 10717, in interpolate
    **kwargs,
  File "/home/kejunxi/Downloads/ENTER/envs/django_detection/lib/python3.7/site-packages/pandas/core/generic.py", line 6899, in interpolate
    **kwargs,
  File "/home/kejunxi/Downloads/ENTER/envs/django_detection/lib/python3.7/site-packages/pandas/core/internals/managers.py", line 377, in interpolate
    return self.apply("interpolate", **kwargs)
  File "/home/kejunxi/Downloads/ENTER/envs/django_detection/lib/python3.7/site-packages/pandas/core/internals/managers.py", line 327, in apply
    applied = getattr(b, f)(**kwargs)
  File "/home/kejunxi/Downloads/ENTER/envs/django_detection/lib/python3.7/site-packages/pandas/core/internals/blocks.py", line 1370, in interpolate
    new_values = values.fillna(value=fill_value, method=method, limit=limit)
  File "/home/kejunxi/Downloads/ENTER/envs/django_detection/lib/python3.7/site-packages/pandas/core/arrays/_mixins.py", line 219, in fillna
    value, method, validate_scalar_dict_value=False
  File "/home/kejunxi/Downloads/ENTER/envs/django_detection/lib/python3.7/site-packages/pandas/util/_validators.py", line 372, in validate_fillna_kwargs
    method = clean_fill_method(method)
  File "/home/kejunxi/Downloads/ENTER/envs/django_detection/lib/python3.7/site-packages/pandas/core/missing.py", line 120, in clean_fill_method
    raise ValueError(f"Invalid fill method. Expecting {expecting}. Got {method}")
ValueError: Invalid fill method. Expecting pad (ffill) or backfill (bfill). Got linear
ERROR 2021-07-09 06:35:46,160 basehttp 157 "GET /query?Gap_filling=Interpolate HTTP/1.1" 500 142420
INFO 2021-07-09 06:36:26,170 autoreload 240 /home/kejunxi/Downloads/ENTER/envs/django_detection/lib/python3.7/site-packages/pandas/compat/chainmap.py changed, reloading.
INFO 2021-07-09 06:36:31,314 autoreload 617 Watching for file changes with StatReloader
INFO 2021-07-09 06:37:45,888 autoreload 617 Watching for file changes with StatReloader
INFO 2021-07-09 06:38:01,517 basehttp 157 "GET / HTTP/1.1" 200 22711
INFO 2021-07-09 06:38:13,061 basehttp 157 "POST /upload/ HTTP/1.1" 200 1321161
INFO 2021-07-09 06:38:50,852 basehttp 157 "GET /query?Gap_filling=Interpolate HTTP/1.1" 200 4201598
INFO 2021-07-09 06:39:05,616 autoreload 240 /home/kejunxi/PycharmProjects/outlier_detection/django_web/detection.py changed, reloading.
INFO 2021-07-09 06:39:07,827 autoreload 617 Watching for file changes with StatReloader
INFO 2021-07-09 06:39:19,198 autoreload 617 Watching for file changes with StatReloader
INFO 2021-07-09 06:39:26,426 basehttp 157 "GET / HTTP/1.1" 200 22711
INFO 2021-07-09 06:39:40,342 basehttp 157 "POST /upload/ HTTP/1.1" 200 1321161
INFO 2021-07-09 06:40:06,747 basehttp 157 "GET /query?ALGO_select=Hbos HTTP/1.1" 200 1744064
INFO 2021-07-09 06:40:33,196 basehttp 157 "GET /query?Gap_filling=Interpolate HTTP/1.1" 200 4148640
INFO 2021-07-09 06:40:50,096 basehttp 157 "GET / HTTP/1.1" 200 22711
INFO 2021-07-09 06:41:25,438 basehttp 157 "POST /upload/ HTTP/1.1" 200 16560998
INFO 2021-07-09 06:45:26,110 autoreload 617 Watching for file changes with StatReloader
INFO 2021-07-09 06:45:52,910 basehttp 157 "GET / HTTP/1.1" 200 22711
INFO 2021-07-09 06:45:58,364 basehttp 157 "GET / HTTP/1.1" 200 22711
INFO 2021-07-09 06:46:16,022 basehttp 157 "POST /upload/ HTTP/1.1" 200 1321161
INFO 2021-07-09 06:47:26,489 basehttp 157 "GET /query?ALGO_select=Lstm HTTP/1.1" 200 1731887
INFO 2021-07-09 06:48:28,276 basehttp 157 "GET /query?Gap_filling=Interpolate HTTP/1.1" 200 4145446
INFO 2021-07-09 06:48:55,624 basehttp 157 "GET /query?ALGO_select=Hbos HTTP/1.1" 200 4889007
INFO 2021-07-09 06:51:00,066 basehttp 157 "GET / HTTP/1.1" 200 22711
INFO 2021-07-09 06:51:22,966 basehttp 157 "POST /upload/ HTTP/1.1" 200 16560998
INFO 2021-07-09 06:53:25,774 autoreload 617 Watching for file changes with StatReloader
INFO 2021-07-09 06:53:52,192 basehttp 157 "GET / HTTP/1.1" 200 22711
INFO 2021-07-09 07:32:25,116 autoreload 240 /home/kejunxi/PycharmProjects/outlier_detection/django_web/detection.py changed, reloading.
INFO 2021-07-09 07:32:29,427 autoreload 617 Watching for file changes with StatReloader
INFO 2021-07-09 07:33:23,542 autoreload 240 /home/kejunxi/PycharmProjects/outlier_detection/django_web/detection.py changed, reloading.
INFO 2021-07-09 07:33:25,871 autoreload 617 Watching for file changes with StatReloader
INFO 2021-07-09 07:34:31,159 autoreload 240 /home/kejunxi/PycharmProjects/outlier_detection/django_web/detection.py changed, reloading.
INFO 2021-07-09 07:34:38,371 autoreload 617 Watching for file changes with StatReloader
INFO 2021-07-09 07:35:07,970 autoreload 240 /home/kejunxi/PycharmProjects/outlier_detection/django_web/detection.py changed, reloading.
INFO 2021-07-09 07:35:13,198 autoreload 617 Watching for file changes with StatReloader
INFO 2021-07-09 07:37:03,041 autoreload 240 /home/kejunxi/PycharmProjects/outlier_detection/django_web/detection.py changed, reloading.
INFO 2021-07-09 07:37:07,733 autoreload 617 Watching for file changes with StatReloader
INFO 2021-07-09 07:37:15,789 autoreload 617 Watching for file changes with StatReloader
INFO 2021-07-09 07:37:33,022 basehttp 157 "GET / HTTP/1.1" 200 22711
INFO 2021-07-09 07:37:51,856 basehttp 157 "POST /upload/ HTTP/1.1" 200 1321161
INFO 2021-07-09 07:39:46,629 basehttp 157 "GET /query?ALGO_select=Lstm HTTP/1.1" 200 1731887
INFO 2021-07-09 07:42:32,519 autoreload 617 Watching for file changes with StatReloader
INFO 2021-07-09 07:42:40,243 basehttp 157 "GET / HTTP/1.1" 200 22711
INFO 2021-07-09 07:42:51,805 basehttp 157 "POST /upload/ HTTP/1.1" 200 526342
INFO 2021-07-09 07:44:14,338 basehttp 157 "GET /query?ALGO_select=Lstm HTTP/1.1" 200 689676
INFO 2021-07-09 07:47:32,936 basehttp 157 "GET / HTTP/1.1" 200 22711
INFO 2021-07-09 07:48:58,859 basehttp 157 "POST /upload/ HTTP/1.1" 200 18872466
INFO 2021-07-09 07:53:26,971 autoreload 617 Watching for file changes with StatReloader
INFO 2021-07-09 07:53:34,734 basehttp 157 "GET / HTTP/1.1" 200 22711
INFO 2021-07-09 07:53:54,183 basehttp 157 "POST /upload/ HTTP/1.1" 200 526342
INFO 2021-07-09 07:54:36,765 basehttp 157 "GET /query?ALGO_select=Lstm HTTP/1.1" 200 689676
INFO 2021-07-09 07:55:26,563 basehttp 157 "GET /query?Gap_filling=Interpolate HTTP/1.1" 200 2966104
INFO 2021-07-09 07:57:22,925 basehttp 157 "GET /query?ALGO_select=Lstm HTTP/1.1" 200 3556021
INFO 2021-07-09 07:58:24,827 basehttp 157 "GET /query?Gap_filling=Interpolate HTTP/1.1" 200 3340350
INFO 2021-07-09 08:01:44,962 basehttp 157 "GET /query?ALGO_select=Lstm HTTP/1.1" 200 3548659
INFO 2021-07-09 08:06:52,124 autoreload 240 /home/kejunxi/PycharmProjects/outlier_detection/django_web/detection.py changed, reloading.
INFO 2021-07-09 08:06:54,023 autoreload 617 Watching for file changes with StatReloader
INFO 2021-07-09 08:07:10,307 autoreload 617 Watching for file changes with StatReloader
INFO 2021-07-09 08:07:17,023 basehttp 157 "GET / HTTP/1.1" 200 22711
INFO 2021-07-09 08:07:29,260 basehttp 157 "POST /upload/ HTTP/1.1" 200 527517
INFO 2021-07-09 08:09:04,144 basehttp 157 "GET /query?ALGO_select=Lstm HTTP/1.1" 200 692569
INFO 2021-07-09 08:11:11,637 basehttp 157 "POST /upload/ HTTP/1.1" 200 1321161
INFO 2021-07-09 08:11:49,036 basehttp 157 "GET /query?ALGO_select=Lstm HTTP/1.1" 200 1731887
INFO 2021-07-09 08:13:03,509 autoreload 240 /home/kejunxi/PycharmProjects/outlier_detection/django_web/detection.py changed, reloading.
INFO 2021-07-09 08:13:04,753 autoreload 617 Watching for file changes with StatReloader
INFO 2021-07-09 08:13:25,778 autoreload 240 /home/kejunxi/PycharmProjects/outlier_detection/django_web/detection.py changed, reloading.
INFO 2021-07-09 08:13:26,854 autoreload 617 Watching for file changes with StatReloader
INFO 2021-07-09 08:13:52,118 autoreload 240 /home/kejunxi/PycharmProjects/outlier_detection/django_web/detection.py changed, reloading.
INFO 2021-07-09 08:13:53,154 autoreload 617 Watching for file changes with StatReloader
INFO 2021-07-09 08:25:38,460 autoreload 240 /home/kejunxi/PycharmProjects/outlier_detection/django_web/detection.py changed, reloading.
INFO 2021-07-09 08:25:40,710 autoreload 617 Watching for file changes with StatReloader
INFO 2021-07-09 08:29:35,851 autoreload 240 /home/kejunxi/PycharmProjects/outlier_detection/django_web/views.py changed, reloading.
INFO 2021-07-09 08:29:40,909 autoreload 617 Watching for file changes with StatReloader
INFO 2021-07-09 08:30:30,656 autoreload 240 /home/kejunxi/PycharmProjects/outlier_detection/django_web/views.py changed, reloading.
INFO 2021-07-09 08:30:33,533 autoreload 617 Watching for file changes with StatReloader
INFO 2021-07-09 08:32:01,465 autoreload 240 /home/kejunxi/PycharmProjects/outlier_detection/django_web/views.py changed, reloading.
INFO 2021-07-09 08:32:02,715 autoreload 617 Watching for file changes with StatReloader
INFO 2021-07-09 08:32:13,824 autoreload 617 Watching for file changes with StatReloader
INFO 2021-07-09 08:33:22,434 autoreload 617 Watching for file changes with StatReloader
INFO 2021-07-09 08:33:37,223 basehttp 157 "GET / HTTP/1.1" 200 22711
INFO 2021-07-09 08:33:55,467 basehttp 157 "POST /upload/ HTTP/1.1" 200 1321165
INFO 2021-07-09 08:35:22,314 basehttp 157 "GET /query?ALGO_select=Default HTTP/1.1" 200 1731887
INFO 2021-07-09 08:36:19,316 autoreload 617 Watching for file changes with StatReloader
INFO 2021-07-09 08:36:29,566 basehttp 157 "GET / HTTP/1.1" 200 22711
INFO 2021-07-09 08:36:43,222 basehttp 157 "POST /upload/ HTTP/1.1" 200 526349
INFO 2021-07-09 08:37:53,749 basehttp 157 "GET /query?ALGO_select=Default HTTP/1.1" 200 689676
INFO 2021-07-09 08:37:54,464 autoreload 240 /home/kejunxi/PycharmProjects/outlier_detection/django_web/views.py changed, reloading.
INFO 2021-07-09 08:37:56,690 autoreload 617 Watching for file changes with StatReloader
INFO 2021-07-09 08:38:41,300 basehttp 157 "GET / HTTP/1.1" 200 22711
INFO 2021-07-09 08:38:51,699 basehttp 157 "POST /upload/ HTTP/1.1" 200 526346
INFO 2021-07-09 08:38:58,005 basehttp 157 "GET / HTTP/1.1" 200 22711
INFO 2021-07-09 08:39:16,534 autoreload 240 /home/kejunxi/PycharmProjects/outlier_detection/django_web/detection.py changed, reloading.
INFO 2021-07-09 08:39:17,744 autoreload 617 Watching for file changes with StatReloader
INFO 2021-07-09 09:12:14,100 autoreload 240 /home/kejunxi/PycharmProjects/outlier_detection/django_web/detection.py changed, reloading.
INFO 2021-07-09 09:12:15,891 autoreload 617 Watching for file changes with StatReloader
INFO 2021-07-09 09:22:40,919 autoreload 240 /home/kejunxi/PycharmProjects/outlier_detection/django_web/views.py changed, reloading.
INFO 2021-07-09 09:22:42,410 autoreload 617 Watching for file changes with StatReloader
INFO 2021-07-09 09:34:54,923 autoreload 240 /home/kejunxi/PycharmProjects/outlier_detection/django_web/views.py changed, reloading.
INFO 2021-07-09 09:34:55,979 autoreload 617 Watching for file changes with StatReloader
INFO 2021-07-09 09:42:48,400 autoreload 240 /home/kejunxi/PycharmProjects/outlier_detection/django_web/views.py changed, reloading.
INFO 2021-07-09 09:42:49,773 autoreload 617 Watching for file changes with StatReloader
INFO 2021-07-09 09:55:22,030 autoreload 617 Watching for file changes with StatReloader
INFO 2021-07-09 09:55:28,126 basehttp 157 "GET / HTTP/1.1" 200 22711
INFO 2021-07-09 09:55:39,484 basehttp 157 "POST /upload/ HTTP/1.1" 200 1321165
INFO 2021-07-09 09:57:06,156 basehttp 157 "GET /query?ALGO_select=Default HTTP/1.1" 200 1731887
INFO 2021-07-09 09:58:15,849 basehttp 157 "GET /query?Gap_filling=Interpolate HTTP/1.1" 200 4145411
INFO 2021-07-09 10:00:16,011 autoreload 617 Watching for file changes with StatReloader
INFO 2021-07-09 10:00:24,286 basehttp 157 "GET / HTTP/1.1" 200 22711
WARNING 2021-07-09 10:00:28,327 log 230 Not Found: /favicon.ico
WARNING 2021-07-09 10:00:28,327 basehttp 157 "GET /favicon.ico HTTP/1.1" 404 2831
INFO 2021-07-09 10:00:38,112 basehttp 157 "POST /upload/ HTTP/1.1" 200 1321165
INFO 2021-07-09 10:00:56,558 basehttp 157 "GET /query?ALGO_select=Hbos HTTP/1.1" 200 1744064
INFO 2021-07-09 10:01:19,324 basehttp 157 "GET /query?Gap_filling=Interpolate HTTP/1.1" 200 4148605
INFO 2021-07-09 10:03:19,786 basehttp 157 "GET / HTTP/1.1" 200 22711
INFO 2021-07-09 10:03:35,113 basehttp 157 "POST /upload/ HTTP/1.1" 200 1321165
INFO 2021-07-09 10:04:22,615 basehttp 157 "GET /query?ALGO_select=Lstm HTTP/1.1" 200 1731887
INFO 2021-07-09 10:04:53,390 basehttp 157 "GET /query?Gap_filling=Interpolate HTTP/1.1" 200 4145411
INFO 2021-07-09 15:36:43,141 autoreload 617 Watching for file changes with StatReloader
INFO 2021-07-09 15:36:52,933 basehttp 157 "GET / HTTP/1.1" 200 22711
WARNING 2021-07-09 15:36:55,575 log 230 Not Found: /favicon.ico
WARNING 2021-07-09 15:36:55,576 basehttp 157 "GET /favicon.ico HTTP/1.1" 404 2831
INFO 2021-07-09 15:41:33,252 autoreload 240 /home/kejunxi/PycharmProjects/outlier_detection/django_web/views.py changed, reloading.
INFO 2021-07-09 15:41:34,761 autoreload 617 Watching for file changes with StatReloader
INFO 2021-07-09 15:41:38,288 basehttp 157 "GET / HTTP/1.1" 200 22711
INFO 2021-07-09 15:41:45,638 basehttp 157 "GET / HTTP/1.1" 200 22711
ERROR 2021-07-09 15:42:00,053 log 230 Internal Server Error: /upload/
Traceback (most recent call last):
  File "/home/kejunxi/Downloads/ENTER/envs/django_detection/lib/python3.7/site-packages/django/core/handlers/exception.py", line 47, in inner
    response = get_response(request)
  File "/home/kejunxi/Downloads/ENTER/envs/django_detection/lib/python3.7/site-packages/django/core/handlers/base.py", line 181, in _get_response
    response = wrapped_callback(request, *callback_args, **callback_kwargs)
  File "/home/kejunxi/PycharmProjects/outlier_detection/django_web/views.py", line 179, in upload
    'default_algo': default[sensor],
KeyError: 'KLT14_pumpSpeed_p1'
ERROR 2021-07-09 15:42:00,056 basehttp 157 "POST /upload/ HTTP/1.1" 500 91211
INFO 2021-07-09 15:45:05,039 autoreload 240 /home/kejunxi/PycharmProjects/outlier_detection/django_web/views.py changed, reloading.
INFO 2021-07-09 15:45:07,180 autoreload 617 Watching for file changes with StatReloader
INFO 2021-07-09 15:45:11,313 basehttp 157 "GET / HTTP/1.1" 200 22711
INFO 2021-07-09 15:45:22,121 basehttp 157 "POST /upload/ HTTP/1.1" 200 1569082
INFO 2021-07-09 15:46:05,509 autoreload 240 /home/kejunxi/PycharmProjects/outlier_detection/django_web/views.py changed, reloading.
INFO 2021-07-09 15:46:06,686 autoreload 617 Watching for file changes with StatReloader
INFO 2021-07-09 15:46:10,138 basehttp 157 "GET / HTTP/1.1" 200 22711
INFO 2021-07-09 15:46:14,278 basehttp 157 "GET / HTTP/1.1" 200 22711
INFO 2021-07-09 15:46:27,407 basehttp 157 "POST /upload/ HTTP/1.1" 200 1569082
INFO 2021-07-09 15:54:53,246 autoreload 240 /home/kejunxi/PycharmProjects/outlier_detection/django_web/views.py changed, reloading.
INFO 2021-07-09 15:54:54,526 autoreload 617 Watching for file changes with StatReloader
INFO 2021-07-09 15:54:57,452 basehttp 157 "GET / HTTP/1.1" 200 22711
INFO 2021-07-09 15:55:10,550 basehttp 157 "POST /upload/ HTTP/1.1" 200 1736377
INFO 2021-07-09 15:56:01,049 basehttp 157 "GET / HTTP/1.1" 200 22711
INFO 2021-07-09 15:56:32,513 autoreload 240 /home/kejunxi/PycharmProjects/outlier_detection/django_web/views.py changed, reloading.
INFO 2021-07-09 15:56:33,729 autoreload 617 Watching for file changes with StatReloader
INFO 2021-07-09 15:56:40,676 basehttp 157 "GET / HTTP/1.1" 200 22711
INFO 2021-07-09 15:56:59,066 basehttp 157 "POST /upload/ HTTP/1.1" 200 1735007
INFO 2021-07-09 15:57:22,698 basehttp 157 "GET / HTTP/1.1" 200 22711
INFO 2021-07-09 15:58:05,212 basehttp 157 "POST /upload/ HTTP/1.1" 200 21544927
INFO 2021-07-09 16:07:55,860 autoreload 240 /home/kejunxi/PycharmProjects/outlier_detection/django_web/views.py changed, reloading.
INFO 2021-07-09 16:07:57,067 autoreload 617 Watching for file changes with StatReloader
INFO 2021-07-09 16:08:52,253 basehttp 157 "GET / HTTP/1.1" 200 22711
ERROR 2021-07-09 16:09:06,301 log 230 Internal Server Error: /upload/
Traceback (most recent call last):
  File "/home/kejunxi/Downloads/ENTER/envs/django_detection/lib/python3.7/site-packages/django/core/handlers/exception.py", line 47, in inner
    response = get_response(request)
  File "/home/kejunxi/Downloads/ENTER/envs/django_detection/lib/python3.7/site-packages/django/core/handlers/base.py", line 181, in _get_response
    response = wrapped_callback(request, *callback_args, **callback_kwargs)
  File "/home/kejunxi/PycharmProjects/outlier_detection/django_web/views.py", line 229, in upload
    'default_algo': default[sensor],
KeyError: 'wetBulb'
ERROR 2021-07-09 16:09:06,304 basehttp 157 "POST /upload/ HTTP/1.1" 500 91633
INFO 2021-07-09 16:09:58,890 autoreload 240 /home/kejunxi/PycharmProjects/outlier_detection/django_web/views.py changed, reloading.
INFO 2021-07-09 16:10:00,627 autoreload 617 Watching for file changes with StatReloader
INFO 2021-07-09 16:10:04,331 basehttp 157 "GET / HTTP/1.1" 200 22711
INFO 2021-07-09 16:10:20,813 basehttp 157 "POST /upload/ HTTP/1.1" 200 2163438
INFO 2021-07-09 16:16:17,040 autoreload 240 /home/kejunxi/PycharmProjects/outlier_detection/django_web/views.py changed, reloading.
INFO 2021-07-09 16:16:18,357 autoreload 617 Watching for file changes with StatReloader
INFO 2021-07-09 16:16:22,496 basehttp 157 "GET / HTTP/1.1" 200 22711
INFO 2021-07-09 16:16:35,880 basehttp 157 "POST /upload/ HTTP/1.1" 200 1734990
INFO 2021-07-09 16:16:48,133 basehttp 157 "GET / HTTP/1.1" 200 22711
INFO 2021-07-09 16:17:01,929 basehttp 157 "POST /upload/ HTTP/1.1" 200 2163438
INFO 2021-07-09 16:33:31,718 autoreload 240 /home/kejunxi/PycharmProjects/outlier_detection/django_web/views.py changed, reloading.
INFO 2021-07-09 16:33:32,846 autoreload 617 Watching for file changes with StatReloader
INFO 2021-07-09 16:33:37,473 basehttp 157 "GET / HTTP/1.1" 200 22711
INFO 2021-07-09 16:33:50,078 basehttp 157 "POST /upload/ HTTP/1.1" 200 526346
INFO 2021-07-09 16:34:01,875 basehttp 157 "GET /query?ALGO_select=Forest HTTP/1.1" 200 700015
INFO 2021-07-09 16:46:14,341 autoreload 240 /home/kejunxi/PycharmProjects/outlier_detection/django_web/views.py changed, reloading.
INFO 2021-07-09 16:46:15,595 autoreload 617 Watching for file changes with StatReloader
INFO 2021-07-09 16:52:14,758 autoreload 240 /home/kejunxi/PycharmProjects/outlier_detection/django_web/views.py changed, reloading.
INFO 2021-07-09 16:52:15,788 autoreload 617 Watching for file changes with StatReloader
INFO 2021-07-09 16:52:20,782 basehttp 157 "GET / HTTP/1.1" 200 22711
INFO 2021-07-09 16:52:39,929 basehttp 157 "POST /upload/ HTTP/1.1" 200 526346
INFO 2021-07-09 16:52:48,274 basehttp 157 "GET /query?ALGO_select=Forest HTTP/1.1" 200 700012
INFO 2021-07-09 17:03:00,369 autoreload 240 /home/kejunxi/PycharmProjects/outlier_detection/django_web/detection.py changed, reloading.
INFO 2021-07-09 17:03:01,710 autoreload 617 Watching for file changes with StatReloader
INFO 2021-07-09 17:15:47,874 autoreload 240 /home/kejunxi/PycharmProjects/outlier_detection/django_web/views.py changed, reloading.
INFO 2021-07-09 17:15:49,228 autoreload 617 Watching for file changes with StatReloader
INFO 2021-07-09 17:19:10,678 autoreload 240 /home/kejunxi/PycharmProjects/outlier_detection/django_web/views.py changed, reloading.
INFO 2021-07-09 17:19:11,790 autoreload 617 Watching for file changes with StatReloader
INFO 2021-07-09 17:19:16,742 basehttp 157 "GET / HTTP/1.1" 200 22711
INFO 2021-07-09 17:19:26,052 basehttp 157 "POST /upload/ HTTP/1.1" 200 526346
ERROR 2021-07-09 17:19:32,727 log 230 Internal Server Error: /query
Traceback (most recent call last):
  File "/home/kejunxi/Downloads/ENTER/envs/django_detection/lib/python3.7/site-packages/django/core/handlers/exception.py", line 47, in inner
    response = get_response(request)
  File "/home/kejunxi/Downloads/ENTER/envs/django_detection/lib/python3.7/site-packages/django/core/handlers/base.py", line 181, in _get_response
    response = wrapped_callback(request, *callback_args, **callback_kwargs)
  File "/home/kejunxi/PycharmProjects/outlier_detection/django_web/views.py", line 336, in query
    pd_data = gap_filling(csv, form_dict['Gap_filling'][0])
KeyError: 'Gap_filling'
ERROR 2021-07-09 17:19:32,728 basehttp 157 "GET /query?ALGO_select=Forest HTTP/1.1" 500 100432
INFO 2021-07-09 17:21:06,695 autoreload 240 /home/kejunxi/PycharmProjects/outlier_detection/django_web/views.py changed, reloading.
INFO 2021-07-09 17:21:09,127 autoreload 617 Watching for file changes with StatReloader
INFO 2021-07-09 17:21:13,842 basehttp 157 "GET / HTTP/1.1" 200 22711
INFO 2021-07-09 17:21:23,949 basehttp 157 "POST /upload/ HTTP/1.1" 200 526346
INFO 2021-07-09 17:21:31,563 basehttp 157 "GET /query?ALGO_select=Forest HTTP/1.1" 200 700015
INFO 2021-07-09 17:21:46,545 basehttp 157 "GET /query?Gap_filling=Interpolate HTTP/1.1" 200 3037732
INFO 2021-07-09 17:37:28,108 autoreload 240 /home/kejunxi/PycharmProjects/outlier_detection/django_web/views.py changed, reloading.
INFO 2021-07-09 17:37:29,595 autoreload 617 Watching for file changes with StatReloader
INFO 2021-07-09 17:37:36,329 basehttp 157 "GET / HTTP/1.1" 200 22711
INFO 2021-07-09 17:38:09,942 basehttp 157 "POST /upload/ HTTP/1.1" 200 1734990
ERROR 2021-07-09 17:38:27,202 log 230 Internal Server Error: /query
Traceback (most recent call last):
  File "/home/kejunxi/Downloads/ENTER/envs/django_detection/lib/python3.7/site-packages/django/core/handlers/exception.py", line 47, in inner
    response = get_response(request)
  File "/home/kejunxi/Downloads/ENTER/envs/django_detection/lib/python3.7/site-packages/django/core/handlers/base.py", line 181, in _get_response
    response = wrapped_callback(request, *callback_args, **callback_kwargs)
  File "/home/kejunxi/PycharmProjects/outlier_detection/django_web/views.py", line 368, in query
    export = pd_data[['original', 'timestamp']]
  File "/home/kejunxi/Downloads/ENTER/envs/django_detection/lib/python3.7/site-packages/pandas/core/frame.py", line 2908, in __getitem__
    indexer = self.loc._get_listlike_indexer(key, axis=1, raise_missing=True)[1]
  File "/home/kejunxi/Downloads/ENTER/envs/django_detection/lib/python3.7/site-packages/pandas/core/indexing.py", line 1254, in _get_listlike_indexer
    self._validate_read_indexer(keyarr, indexer, axis, raise_missing=raise_missing)
  File "/home/kejunxi/Downloads/ENTER/envs/django_detection/lib/python3.7/site-packages/pandas/core/indexing.py", line 1304, in _validate_read_indexer
    raise KeyError(f"{not_found} not in index")
KeyError: "['original'] not in index"
ERROR 2021-07-09 17:38:27,206 basehttp 157 "GET /query?ALGO_select=Forest HTTP/1.1" 500 118998
INFO 2021-07-09 17:39:55,049 autoreload 240 /home/kejunxi/PycharmProjects/outlier_detection/django_web/views.py changed, reloading.
INFO 2021-07-09 17:39:57,258 autoreload 617 Watching for file changes with StatReloader
INFO 2021-07-09 17:40:04,561 basehttp 157 "GET / HTTP/1.1" 200 22711
INFO 2021-07-09 17:40:24,462 basehttp 157 "POST /upload/ HTTP/1.1" 200 1734990
INFO 2021-07-09 17:40:41,816 basehttp 157 "GET /query?ALGO_select=Forest HTTP/1.1" 200 2646778
INFO 2021-07-09 17:42:44,224 basehttp 157 "GET / HTTP/1.1" 200 22711
INFO 2021-07-09 17:43:40,971 basehttp 157 "POST /upload/ HTTP/1.1" 200 21544910
INFO 2021-07-09 17:47:08,337 basehttp 157 "GET /query?ALGO_select=Forest HTTP/1.1" 200 32704435
INFO 2021-07-09 18:12:53,271 autoreload 240 /home/kejunxi/PycharmProjects/outlier_detection/django_web/detection.py changed, reloading.
INFO 2021-07-09 18:12:55,179 autoreload 617 Watching for file changes with StatReloader
INFO 2021-07-09 18:13:00,798 basehttp 157 "GET / HTTP/1.1" 200 22711
INFO 2021-07-09 18:13:12,177 basehttp 157 "POST /upload/ HTTP/1.1" 200 526346
INFO 2021-07-09 18:13:26,775 basehttp 157 "GET /query?ALGO_select=Hbos HTTP/1.1" 200 700281
ERROR 2021-07-09 18:13:32,136 log 230 Internal Server Error: /query
Traceback (most recent call last):
  File "/home/kejunxi/Downloads/ENTER/envs/django_detection/lib/python3.7/site-packages/pandas/core/indexes/base.py", line 2895, in get_loc
    return self._engine.get_loc(casted_key)
  File "pandas/_libs/index.pyx", line 70, in pandas._libs.index.IndexEngine.get_loc
  File "pandas/_libs/index.pyx", line 101, in pandas._libs.index.IndexEngine.get_loc
  File "pandas/_libs/hashtable_class_helper.pxi", line 1675, in pandas._libs.hashtable.PyObjectHashTable.get_item
  File "pandas/_libs/hashtable_class_helper.pxi", line 1683, in pandas._libs.hashtable.PyObjectHashTable.get_item
KeyError: 'filling'

The above exception was the direct cause of the following exception:

Traceback (most recent call last):
  File "/home/kejunxi/Downloads/ENTER/envs/django_detection/lib/python3.7/site-packages/django/core/handlers/exception.py", line 47, in inner
    response = get_response(request)
  File "/home/kejunxi/Downloads/ENTER/envs/django_detection/lib/python3.7/site-packages/django/core/handlers/base.py", line 181, in _get_response
    response = wrapped_callback(request, *callback_args, **callback_kwargs)
  File "/home/kejunxi/PycharmProjects/outlier_detection/django_web/views.py", line 472, in query
    y_axis=pd_data['filling'].tolist(),
  File "/home/kejunxi/Downloads/ENTER/envs/django_detection/lib/python3.7/site-packages/pandas/core/frame.py", line 2902, in __getitem__
    indexer = self.columns.get_loc(key)
  File "/home/kejunxi/Downloads/ENTER/envs/django_detection/lib/python3.7/site-packages/pandas/core/indexes/base.py", line 2897, in get_loc
    raise KeyError(key) from err
KeyError: 'filling'
ERROR 2021-07-09 18:13:32,143 basehttp 157 "GET /query?Gap_filling=Interpolate HTTP/1.1" 500 147818
INFO 2021-07-09 18:17:35,615 autoreload 240 /home/kejunxi/PycharmProjects/outlier_detection/django_web/detection.py changed, reloading.
INFO 2021-07-09 18:17:38,047 autoreload 617 Watching for file changes with StatReloader
INFO 2021-07-09 18:18:01,264 autoreload 240 /home/kejunxi/PycharmProjects/outlier_detection/django_web/detection.py changed, reloading.
INFO 2021-07-09 18:18:02,496 autoreload 617 Watching for file changes with StatReloader
INFO 2021-07-09 18:18:07,050 basehttp 157 "GET / HTTP/1.1" 200 22711
INFO 2021-07-09 18:18:18,925 basehttp 157 "POST /upload/ HTTP/1.1" 200 526346
INFO 2021-07-09 18:18:26,013 basehttp 157 "GET /query?ALGO_select=Forest HTTP/1.1" 200 700015
INFO 2021-07-09 18:18:40,758 basehttp 157 "GET /query?Gap_filling=Interpolate HTTP/1.1" 200 3037292
INFO 2021-07-09 18:22:58,367 autoreload 240 /home/kejunxi/PycharmProjects/outlier_detection/django_web/detection.py changed, reloading.
INFO 2021-07-09 18:22:59,389 autoreload 617 Watching for file changes with StatReloader
INFO 2021-07-09 18:23:03,324 basehttp 157 "GET / HTTP/1.1" 200 22711
INFO 2021-07-09 18:23:14,251 basehttp 157 "POST /upload/ HTTP/1.1" 200 526346
INFO 2021-07-09 18:23:21,197 basehttp 157 "GET /query?ALGO_select=Forest HTTP/1.1" 200 700009
INFO 2021-07-09 18:23:29,393 basehttp 157 "GET /query?Gap_filling=Interpolate HTTP/1.1" 200 3037660
INFO 2021-07-09 18:34:13,477 autoreload 240 /home/kejunxi/PycharmProjects/outlier_detection/django_web/detection.py changed, reloading.
INFO 2021-07-09 18:34:14,733 autoreload 617 Watching for file changes with StatReloader
INFO 2021-07-09 18:34:17,647 basehttp 157 "GET / HTTP/1.1" 200 22711
INFO 2021-07-09 18:34:40,935 basehttp 157 "POST /upload/ HTTP/1.1" 200 526346
INFO 2021-07-09 18:34:48,001 basehttp 157 "GET /query?ALGO_select=Forest HTTP/1.1" 200 700007
INFO 2021-07-09 18:34:59,597 basehttp 157 "GET /query?Gap_filling=Interpolate HTTP/1.1" 200 3036832
INFO 2021-07-09 18:35:28,161 basehttp 157 "GET / HTTP/1.1" 200 22711
INFO 2021-07-09 18:35:48,438 basehttp 157 "POST /upload/ HTTP/1.1" 200 1734990
INFO 2021-07-09 18:36:00,413 basehttp 157 "GET /query?ALGO_select=Forest HTTP/1.1" 200 2646591
ERROR 2021-07-09 18:36:10,201 log 230 Internal Server Error: /query
Traceback (most recent call last):
  File "/home/kejunxi/Downloads/ENTER/envs/django_detection/lib/python3.7/site-packages/pandas/core/indexes/base.py", line 2895, in get_loc
    return self._engine.get_loc(casted_key)
  File "pandas/_libs/index.pyx", line 70, in pandas._libs.index.IndexEngine.get_loc
  File "pandas/_libs/index.pyx", line 101, in pandas._libs.index.IndexEngine.get_loc
  File "pandas/_libs/hashtable_class_helper.pxi", line 1675, in pandas._libs.hashtable.PyObjectHashTable.get_item
  File "pandas/_libs/hashtable_class_helper.pxi", line 1683, in pandas._libs.hashtable.PyObjectHashTable.get_item
KeyError: 'filling'

The above exception was the direct cause of the following exception:

Traceback (most recent call last):
  File "/home/kejunxi/Downloads/ENTER/envs/django_detection/lib/python3.7/site-packages/django/core/handlers/exception.py", line 47, in inner
    response = get_response(request)
  File "/home/kejunxi/Downloads/ENTER/envs/django_detection/lib/python3.7/site-packages/django/core/handlers/base.py", line 181, in _get_response
    response = wrapped_callback(request, *callback_args, **callback_kwargs)
  File "/home/kejunxi/PycharmProjects/outlier_detection/django_web/views.py", line 472, in query
    y_axis=pd_data['filling'].tolist(),
  File "/home/kejunxi/Downloads/ENTER/envs/django_detection/lib/python3.7/site-packages/pandas/core/frame.py", line 2902, in __getitem__
    indexer = self.columns.get_loc(key)
  File "/home/kejunxi/Downloads/ENTER/envs/django_detection/lib/python3.7/site-packages/pandas/core/indexes/base.py", line 2897, in get_loc
    raise KeyError(key) from err
KeyError: 'filling'
ERROR 2021-07-09 18:36:10,208 basehttp 157 "GET /query?Gap_filling=Interpolate HTTP/1.1" 500 148337
INFO 2021-07-09 18:37:24,947 basehttp 157 "GET / HTTP/1.1" 200 22711
INFO 2021-07-09 18:37:40,252 basehttp 157 "POST /upload/ HTTP/1.1" 200 1734990
INFO 2021-07-09 18:37:59,462 basehttp 157 "GET /query?ALGO_select=Forest HTTP/1.1" 200 2646344
INFO 2021-07-09 18:46:59,686 autoreload 240 /home/kejunxi/PycharmProjects/outlier_detection/django_web/detection.py changed, reloading.
INFO 2021-07-09 18:47:01,087 autoreload 617 Watching for file changes with StatReloader
INFO 2021-07-09 18:47:06,078 basehttp 157 "GET / HTTP/1.1" 200 22711
INFO 2021-07-09 18:47:19,345 basehttp 157 "POST /upload/ HTTP/1.1" 200 1734990
INFO 2021-07-09 18:47:33,721 basehttp 157 "GET /query?ALGO_select=Forest HTTP/1.1" 200 2646470
ERROR 2021-07-09 18:47:43,764 log 230 Internal Server Error: /query
Traceback (most recent call last):
  File "/home/kejunxi/Downloads/ENTER/envs/django_detection/lib/python3.7/site-packages/pandas/core/indexes/base.py", line 2895, in get_loc
    return self._engine.get_loc(casted_key)
  File "pandas/_libs/index.pyx", line 70, in pandas._libs.index.IndexEngine.get_loc
  File "pandas/_libs/index.pyx", line 101, in pandas._libs.index.IndexEngine.get_loc
  File "pandas/_libs/hashtable_class_helper.pxi", line 1675, in pandas._libs.hashtable.PyObjectHashTable.get_item
  File "pandas/_libs/hashtable_class_helper.pxi", line 1683, in pandas._libs.hashtable.PyObjectHashTable.get_item
KeyError: 'filling'

The above exception was the direct cause of the following exception:

Traceback (most recent call last):
  File "/home/kejunxi/Downloads/ENTER/envs/django_detection/lib/python3.7/site-packages/django/core/handlers/exception.py", line 47, in inner
    response = get_response(request)
  File "/home/kejunxi/Downloads/ENTER/envs/django_detection/lib/python3.7/site-packages/django/core/handlers/base.py", line 181, in _get_response
    response = wrapped_callback(request, *callback_args, **callback_kwargs)
  File "/home/kejunxi/PycharmProjects/outlier_detection/django_web/views.py", line 436, in query
    y_axis=pd_data['filling'].tolist(),
  File "/home/kejunxi/Downloads/ENTER/envs/django_detection/lib/python3.7/site-packages/pandas/core/frame.py", line 2902, in __getitem__
    indexer = self.columns.get_loc(key)
  File "/home/kejunxi/Downloads/ENTER/envs/django_detection/lib/python3.7/site-packages/pandas/core/indexes/base.py", line 2897, in get_loc
    raise KeyError(key) from err
KeyError: 'filling'
ERROR 2021-07-09 18:47:43,771 basehttp 157 "GET /query?Gap_filling=Interpolate HTTP/1.1" 500 148337
INFO 2021-07-09 20:18:23,613 autoreload 617 Watching for file changes with StatReloader
INFO 2021-07-09 20:18:33,560 basehttp 157 "GET / HTTP/1.1" 200 22711
WARNING 2021-07-09 20:18:36,583 log 230 Not Found: /favicon.ico
WARNING 2021-07-09 20:18:36,583 basehttp 157 "GET /favicon.ico HTTP/1.1" 404 2831
INFO 2021-07-09 20:18:45,031 basehttp 157 "POST /upload/ HTTP/1.1" 200 526346
INFO 2021-07-09 20:18:54,018 basehttp 157 "GET /query?ALGO_select=Forest HTTP/1.1" 200 700021
INFO 2021-07-09 20:19:03,521 basehttp 157 "GET /query?Gap_filling=Interpolate HTTP/1.1" 200 3037065
INFO 2021-07-09 20:21:15,908 autoreload 240 /home/kejunxi/PycharmProjects/outlier_detection/django_web/views.py changed, reloading.
INFO 2021-07-09 20:21:17,067 autoreload 617 Watching for file changes with StatReloader
INFO 2021-07-09 20:21:24,013 basehttp 157 "GET / HTTP/1.1" 200 22711
INFO 2021-07-09 20:21:32,838 basehttp 157 "POST /upload/ HTTP/1.1" 200 526346
INFO 2021-07-09 20:21:41,013 basehttp 157 "GET /query?ALGO_select=Forest HTTP/1.1" 200 700009
ERROR 2021-07-09 20:21:44,516 log 230 Internal Server Error: /query
Traceback (most recent call last):
  File "/home/kejunxi/Downloads/ENTER/envs/django_detection/lib/python3.7/site-packages/django/core/handlers/exception.py", line 47, in inner
    response = get_response(request)
  File "/home/kejunxi/Downloads/ENTER/envs/django_detection/lib/python3.7/site-packages/django/core/handlers/base.py", line 181, in _get_response
    response = wrapped_callback(request, *callback_args, **callback_kwargs)
  File "/home/kejunxi/PycharmProjects/outlier_detection/django_web/views.py", line 425, in query
    bar_total_trend = json.loads(line.dump_options())
UnboundLocalError: local variable 'line' referenced before assignment
ERROR 2021-07-09 20:21:44,517 basehttp 157 "GET /query?Gap_filling=Interpolate HTTP/1.1" 500 84156
INFO 2021-07-09 20:24:09,292 autoreload 240 /home/kejunxi/PycharmProjects/outlier_detection/django_web/views.py changed, reloading.
INFO 2021-07-09 20:24:11,262 autoreload 617 Watching for file changes with StatReloader
INFO 2021-07-09 20:24:15,731 basehttp 157 "GET / HTTP/1.1" 200 22711
INFO 2021-07-09 20:24:25,199 basehttp 157 "POST /upload/ HTTP/1.1" 200 526346
INFO 2021-07-09 20:24:32,391 basehttp 157 "GET /query?ALGO_select=Forest HTTP/1.1" 200 700007
ERROR 2021-07-09 20:24:35,625 log 230 Internal Server Error: /query
Traceback (most recent call last):
  File "/home/kejunxi/Downloads/ENTER/envs/django_detection/lib/python3.7/site-packages/django/core/handlers/exception.py", line 47, in inner
    response = get_response(request)
  File "/home/kejunxi/Downloads/ENTER/envs/django_detection/lib/python3.7/site-packages/django/core/handlers/base.py", line 181, in _get_response
    response = wrapped_callback(request, *callback_args, **callback_kwargs)
  File "/home/kejunxi/PycharmProjects/outlier_detection/django_web/views.py", line 426, in query
    bar_total_trend = json.loads(line.dump_options())
UnboundLocalError: local variable 'line' referenced before assignment
ERROR 2021-07-09 20:24:35,627 basehttp 157 "GET /query?Gap_filling=Interpolate HTTP/1.1" 500 84156
INFO 2021-07-09 20:24:52,410 autoreload 240 /home/kejunxi/PycharmProjects/outlier_detection/django_web/views.py changed, reloading.
INFO 2021-07-09 20:24:54,531 autoreload 617 Watching for file changes with StatReloader
INFO 2021-07-09 20:25:00,031 basehttp 157 "GET / HTTP/1.1" 200 22711
INFO 2021-07-09 20:32:20,850 autoreload 240 /home/kejunxi/PycharmProjects/outlier_detection/django_web/views.py changed, reloading.
INFO 2021-07-09 20:32:21,818 autoreload 617 Watching for file changes with StatReloader
INFO 2021-07-09 20:32:28,971 basehttp 157 "GET / HTTP/1.1" 200 22711
INFO 2021-07-09 20:32:33,257 basehttp 157 "GET / HTTP/1.1" 200 22711
INFO 2021-07-09 20:32:39,677 basehttp 157 "POST /upload/ HTTP/1.1" 200 526346
INFO 2021-07-09 20:32:46,196 basehttp 157 "GET /query?ALGO_select=Forest HTTP/1.1" 200 700015
ERROR 2021-07-09 20:32:50,790 log 230 Internal Server Error: /query
Traceback (most recent call last):
  File "/home/kejunxi/Downloads/ENTER/envs/django_detection/lib/python3.7/site-packages/pandas/core/indexes/base.py", line 2895, in get_loc
    return self._engine.get_loc(casted_key)
  File "pandas/_libs/index.pyx", line 70, in pandas._libs.index.IndexEngine.get_loc
  File "pandas/_libs/index.pyx", line 101, in pandas._libs.index.IndexEngine.get_loc
  File "pandas/_libs/hashtable_class_helper.pxi", line 1675, in pandas._libs.hashtable.PyObjectHashTable.get_item
  File "pandas/_libs/hashtable_class_helper.pxi", line 1683, in pandas._libs.hashtable.PyObjectHashTable.get_item
KeyError: 'filling'

The above exception was the direct cause of the following exception:

Traceback (most recent call last):
  File "/home/kejunxi/Downloads/ENTER/envs/django_detection/lib/python3.7/site-packages/django/core/handlers/exception.py", line 47, in inner
    response = get_response(request)
  File "/home/kejunxi/Downloads/ENTER/envs/django_detection/lib/python3.7/site-packages/django/core/handlers/base.py", line 181, in _get_response
    response = wrapped_callback(request, *callback_args, **callback_kwargs)
  File "/home/kejunxi/PycharmProjects/outlier_detection/django_web/views.py", line 401, in query
    y_axis=pd_data['filling'].tolist(),
  File "/home/kejunxi/Downloads/ENTER/envs/django_detection/lib/python3.7/site-packages/pandas/core/frame.py", line 2902, in __getitem__
    indexer = self.columns.get_loc(key)
  File "/home/kejunxi/Downloads/ENTER/envs/django_detection/lib/python3.7/site-packages/pandas/core/indexes/base.py", line 2897, in get_loc
    raise KeyError(key) from err
KeyError: 'filling'
ERROR 2021-07-09 20:32:50,796 basehttp 157 "GET /query?Gap_filling=Interpolate HTTP/1.1" 500 147744
INFO 2021-07-09 20:33:58,607 autoreload 240 /home/kejunxi/PycharmProjects/outlier_detection/django_web/detection.py changed, reloading.
INFO 2021-07-09 20:34:00,362 autoreload 617 Watching for file changes with StatReloader
INFO 2021-07-09 20:34:05,007 basehttp 157 "GET / HTTP/1.1" 200 22711
INFO 2021-07-09 20:34:16,170 basehttp 157 "POST /upload/ HTTP/1.1" 200 526346
INFO 2021-07-09 20:34:23,207 basehttp 157 "GET /query?ALGO_select=Forest HTTP/1.1" 200 700027
INFO 2021-07-09 20:34:35,450 basehttp 157 "GET /query?Gap_filling=Interpolate HTTP/1.1" 200 3037341
INFO 2021-07-09 20:41:50,665 autoreload 240 /home/kejunxi/PycharmProjects/outlier_detection/django_web/views.py changed, reloading.
INFO 2021-07-09 20:41:51,806 autoreload 617 Watching for file changes with StatReloader
INFO 2021-07-09 20:41:55,262 basehttp 157 "GET / HTTP/1.1" 200 22711
INFO 2021-07-09 20:42:06,256 basehttp 157 "POST /upload/ HTTP/1.1" 200 526346
INFO 2021-07-09 20:42:18,807 basehttp 157 "GET /query?ALGO_select=Forest HTTP/1.1" 200 700004
INFO 2021-07-09 20:42:29,321 basehttp 157 "GET /query?Gap_filling=Interpolate HTTP/1.1" 200 3036163
INFO 2021-07-09 20:43:24,357 autoreload 240 /home/kejunxi/PycharmProjects/outlier_detection/django_web/detection.py changed, reloading.
INFO 2021-07-09 20:43:25,350 autoreload 617 Watching for file changes with StatReloader
INFO 2021-07-09 20:43:28,886 basehttp 157 "GET / HTTP/1.1" 200 22711
INFO 2021-07-09 20:43:41,112 basehttp 157 "POST /upload/ HTTP/1.1" 200 526346
INFO 2021-07-09 20:43:48,748 basehttp 157 "GET /query?ALGO_select=Forest HTTP/1.1" 200 700015
ERROR 2021-07-09 20:43:56,415 log 230 Internal Server Error: /query
Traceback (most recent call last):
  File "/home/kejunxi/Downloads/ENTER/envs/django_detection/lib/python3.7/site-packages/pandas/core/indexes/base.py", line 2895, in get_loc
    return self._engine.get_loc(casted_key)
  File "pandas/_libs/index.pyx", line 70, in pandas._libs.index.IndexEngine.get_loc
  File "pandas/_libs/index.pyx", line 101, in pandas._libs.index.IndexEngine.get_loc
  File "pandas/_libs/hashtable_class_helper.pxi", line 1675, in pandas._libs.hashtable.PyObjectHashTable.get_item
  File "pandas/_libs/hashtable_class_helper.pxi", line 1683, in pandas._libs.hashtable.PyObjectHashTable.get_item
KeyError: 'filling'

The above exception was the direct cause of the following exception:

Traceback (most recent call last):
  File "/home/kejunxi/Downloads/ENTER/envs/django_detection/lib/python3.7/site-packages/django/core/handlers/exception.py", line 47, in inner
    response = get_response(request)
  File "/home/kejunxi/Downloads/ENTER/envs/django_detection/lib/python3.7/site-packages/django/core/handlers/base.py", line 181, in _get_response
    response = wrapped_callback(request, *callback_args, **callback_kwargs)
  File "/home/kejunxi/PycharmProjects/outlier_detection/django_web/views.py", line 418, in query
    y_axis=pd_data['filling'].tolist(),
  File "/home/kejunxi/Downloads/ENTER/envs/django_detection/lib/python3.7/site-packages/pandas/core/frame.py", line 2902, in __getitem__
    indexer = self.columns.get_loc(key)
  File "/home/kejunxi/Downloads/ENTER/envs/django_detection/lib/python3.7/site-packages/pandas/core/indexes/base.py", line 2897, in get_loc
    raise KeyError(key) from err
KeyError: 'filling'
ERROR 2021-07-09 20:43:56,421 basehttp 157 "GET /query?Gap_filling=Interpolate HTTP/1.1" 500 148069
INFO 2021-07-09 20:44:27,968 autoreload 240 /home/kejunxi/PycharmProjects/outlier_detection/django_web/views.py changed, reloading.
INFO 2021-07-09 20:44:29,665 autoreload 617 Watching for file changes with StatReloader
INFO 2021-07-09 20:44:33,914 basehttp 157 "GET / HTTP/1.1" 200 22711
INFO 2021-07-09 20:44:52,152 basehttp 157 "POST /upload/ HTTP/1.1" 200 526346
INFO 2021-07-09 20:44:59,465 basehttp 157 "GET /query?ALGO_select=Forest HTTP/1.1" 200 700013
INFO 2021-07-09 20:45:12,330 basehttp 157 "GET /query?Gap_filling=Interpolate HTTP/1.1" 200 3036766
INFO 2021-07-09 20:52:14,099 autoreload 240 /home/kejunxi/PycharmProjects/outlier_detection/django_web/views.py changed, reloading.
INFO 2021-07-09 20:52:15,479 autoreload 617 Watching for file changes with StatReloader
INFO 2021-07-09 20:52:18,905 basehttp 157 "GET / HTTP/1.1" 200 22711
INFO 2021-07-09 20:52:33,042 basehttp 157 "POST /upload/ HTTP/1.1" 200 1734990
INFO 2021-07-09 20:52:52,356 basehttp 157 "GET /query?ALGO_select=Forest HTTP/1.1" 200 2646613
INFO 2021-07-09 20:53:15,581 basehttp 157 "GET /query?Gap_filling=Interpolate HTTP/1.1" 200 6411050
INFO 2021-07-09 20:54:30,573 autoreload 240 /home/kejunxi/PycharmProjects/outlier_detection/django_web/views.py changed, reloading.
INFO 2021-07-09 20:54:31,954 autoreload 617 Watching for file changes with StatReloader
INFO 2021-07-09 20:54:35,385 basehttp 157 "GET / HTTP/1.1" 200 22711
INFO 2021-07-09 20:54:56,777 basehttp 157 "POST /upload/ HTTP/1.1" 200 1734990
INFO 2021-07-09 20:55:22,181 basehttp 157 "GET /query?Gap_filling=Interpolate HTTP/1.1" 200 6366000
INFO 2021-07-09 20:56:03,262 basehttp 157 "GET /query?ALGO_select=Hbos HTTP/1.1" 200 7404684
INFO 2021-07-09 20:56:26,808 basehttp 157 "GET /query?Gap_filling=Interpolate HTTP/1.1" 200 7027309
INFO 2021-07-09 20:56:54,304 basehttp 157 "GET /query?ALGO_select=Forest HTTP/1.1" 200 7404288
INFO 2021-07-09 20:57:28,849 basehttp 157 "GET /query?Gap_filling=Mean HTTP/1.1" 200 7039869
INFO 2021-07-09 20:58:33,500 basehttp 157 "GET / HTTP/1.1" 200 22711
INFO 2021-07-09 20:59:18,629 basehttp 157 "POST /upload/ HTTP/1.1" 200 1734990
INFO 2021-07-09 20:59:32,410 basehttp 157 "GET /query?ALGO_select=Forest HTTP/1.1" 200 2646404
INFO 2021-07-09 20:59:56,149 basehttp 157 "GET /query?Gap_filling=Interpolate HTTP/1.1" 200 6418258
INFO 2021-07-09 21:00:42,930 basehttp 157 "GET / HTTP/1.1" 200 22711
INFO 2021-07-09 21:01:07,503 basehttp 157 "POST /upload/ HTTP/1.1" 200 1321165
INFO 2021-07-09 21:02:05,637 basehttp 157 "GET /query?ALGO_select=Lstm HTTP/1.1" 200 1731887
INFO 2021-07-09 21:02:18,332 basehttp 157 "GET / HTTP/1.1" 200 22711
INFO 2021-07-09 21:02:57,165 basehttp 157 "POST /upload/ HTTP/1.1" 200 19489654
INFO 2021-07-09 21:06:47,768 basehttp 157 "GET /query?ALGO_select=Forest HTTP/1.1" 200 32704467
INFO 2021-07-09 21:15:59,336 basehttp 157 "GET /query?Gap_filling=Interpolate HTTP/1.1" 200 50448540
INFO 2021-07-09 21:21:44,041 autoreload 240 /home/kejunxi/PycharmProjects/outlier_detection/django_web/detection.py changed, reloading.
INFO 2021-07-09 21:21:46,210 autoreload 617 Watching for file changes with StatReloader
INFO 2021-07-09 21:21:51,852 basehttp 157 "GET / HTTP/1.1" 200 22711
INFO 2021-07-09 21:22:07,814 basehttp 157 "POST /upload/ HTTP/1.1" 200 1321165
INFO 2021-07-09 21:22:19,461 basehttp 157 "GET /query?ALGO_select=Forest HTTP/1.1" 200 1743016
INFO 2021-07-09 21:22:35,741 basehttp 157 "GET /query?Gap_filling=Interpolate HTTP/1.1" 200 4150068
INFO 2021-07-09 21:22:44,175 basehttp 157 "GET / HTTP/1.1" 200 22711
INFO 2021-07-09 21:23:00,674 basehttp 157 "GET / HTTP/1.1" 200 22711
INFO 2021-07-09 21:23:50,236 basehttp 157 "POST /upload/ HTTP/1.1" 200 21544910
INFO 2021-07-09 21:28:04,147 basehttp 157 "GET /query?ALGO_select=Forest HTTP/1.1" 200 32704424
INFO 2021-07-09 21:37:42,282 basehttp 157 "GET /query?Gap_filling=Interpolate HTTP/1.1" 200 50513658
INFO 2021-07-09 21:39:25,878 basehttp 157 "GET / HTTP/1.1" 200 22711
INFO 2021-07-09 21:39:40,356 basehttp 157 "POST /upload/ HTTP/1.1" 200 1321165
INFO 2021-07-09 21:39:53,429 basehttp 157 "GET /query?ALGO_select=Forest HTTP/1.1" 200 1743008
INFO 2021-07-09 21:40:29,225 basehttp 157 "GET /query?Gap_filling=Interpolate HTTP/1.1" 200 4150091
INFO 2021-07-09 21:40:34,305 basehttp 157 "GET / HTTP/1.1" 200 22711
INFO 2021-07-09 21:41:19,097 basehttp 157 "POST /upload/ HTTP/1.1" 200 16561002
INFO 2021-07-09 21:43:50,460 basehttp 157 "GET /query?ALGO_select=Forest HTTP/1.1" 200 21808916
INFO 2021-07-09 21:45:46,703 basehttp 157 "GET /query?Gap_filling=Interpolate HTTP/1.1" 200 32711026
INFO 2021-07-09 23:24:36,777 autoreload 240 /home/kejunxi/PycharmProjects/outlier_detection/django_web/detection.py changed, reloading.
INFO 2021-07-09 23:24:39,158 autoreload 617 Watching for file changes with StatReloader
INFO 2021-07-09 23:24:45,193 basehttp 157 "GET / HTTP/1.1" 200 22711
INFO 2021-07-09 23:24:59,242 basehttp 157 "POST /upload/ HTTP/1.1" 200 1321165
INFO 2021-07-09 23:25:11,122 basehttp 157 "GET /query?ALGO_select=Forest HTTP/1.1" 200 1743008
INFO 2021-07-09 23:25:21,029 basehttp 157 "GET /query?Gap_filling=Interpolate HTTP/1.1" 200 4149797
INFO 2021-07-09 23:26:03,271 basehttp 157 "POST /upload/ HTTP/1.1" 200 16561002
INFO 2021-07-09 23:28:43,325 basehttp 157 "GET /query?ALGO_select=Forest HTTP/1.1" 200 21809060
INFO 2021-07-09 23:30:28,651 basehttp 157 "GET /query?Gap_filling=Interpolate HTTP/1.1" 200 32766640
INFO 2021-07-10 09:00:34,344 autoreload 617 Watching for file changes with StatReloader
INFO 2021-07-10 09:00:43,577 basehttp 157 "GET / HTTP/1.1" 200 22711
WARNING 2021-07-10 09:00:45,850 log 230 Not Found: /favicon.ico
WARNING 2021-07-10 09:00:45,850 basehttp 157 "GET /favicon.ico HTTP/1.1" 404 2831
INFO 2021-07-10 09:01:00,260 basehttp 157 "POST /upload/ HTTP/1.1" 200 1734990
ERROR 2021-07-10 09:01:16,571 log 230 Internal Server Error: /query
Traceback (most recent call last):
  File "/home/kejunxi/Downloads/ENTER/envs/django_detection/lib/python3.7/site-packages/django/core/handlers/exception.py", line 47, in inner
    response = get_response(request)
  File "/home/kejunxi/Downloads/ENTER/envs/django_detection/lib/python3.7/site-packages/django/core/handlers/base.py", line 181, in _get_response
    response = wrapped_callback(request, *callback_args, **callback_kwargs)
  File "/home/kejunxi/PycharmProjects/outlier_detection/django_web/views.py", line 249, in query
    pd_data = multi_lstm_detection(csv, contamination=0.05)
  File "/home/kejunxi/PycharmProjects/outlier_detection/django_web/detection.py", line 214, in multi_lstm_detection
    scaler = scaler.fit(test[[col[1]]])
  File "/home/kejunxi/Downloads/ENTER/envs/django_detection/lib/python3.7/site-packages/pandas/core/frame.py", line 2908, in __getitem__
    indexer = self.loc._get_listlike_indexer(key, axis=1, raise_missing=True)[1]
  File "/home/kejunxi/Downloads/ENTER/envs/django_detection/lib/python3.7/site-packages/pandas/core/indexing.py", line 1254, in _get_listlike_indexer
    self._validate_read_indexer(keyarr, indexer, axis, raise_missing=raise_missing)
  File "/home/kejunxi/Downloads/ENTER/envs/django_detection/lib/python3.7/site-packages/pandas/core/indexing.py", line 1298, in _validate_read_indexer
    raise KeyError(f"None of [{key}] are in the [{axis_name}]")
KeyError: "None of [Index(['KLT14_pumpSpeed_p2'], dtype='object')] are in the [columns]"
ERROR 2021-07-10 09:01:16,589 basehttp 157 "GET /query?ALGO_select=Lstm HTTP/1.1" 500 106855
INFO 2021-07-10 09:02:56,097 autoreload 240 /home/kejunxi/PycharmProjects/outlier_detection/django_web/detection.py changed, reloading.
INFO 2021-07-10 09:02:57,687 autoreload 617 Watching for file changes with StatReloader
INFO 2021-07-10 09:03:02,383 basehttp 157 "GET / HTTP/1.1" 200 22711
INFO 2021-07-10 09:03:03,802 basehttp 157 "GET / HTTP/1.1" 200 22711
INFO 2021-07-10 09:03:25,848 basehttp 157 "POST /upload/ HTTP/1.1" 200 1734990
ERROR 2021-07-10 09:04:18,245 log 230 Internal Server Error: /query
Traceback (most recent call last):
  File "/home/kejunxi/Downloads/ENTER/envs/django_detection/lib/python3.7/site-packages/pandas/core/indexes/base.py", line 2895, in get_loc
    return self._engine.get_loc(casted_key)
  File "pandas/_libs/index.pyx", line 70, in pandas._libs.index.IndexEngine.get_loc
  File "pandas/_libs/index.pyx", line 101, in pandas._libs.index.IndexEngine.get_loc
  File "pandas/_libs/hashtable_class_helper.pxi", line 1675, in pandas._libs.hashtable.PyObjectHashTable.get_item
  File "pandas/_libs/hashtable_class_helper.pxi", line 1683, in pandas._libs.hashtable.PyObjectHashTable.get_item
KeyError: 'KLT14_pumpSpeed_p2'

The above exception was the direct cause of the following exception:

Traceback (most recent call last):
  File "/home/kejunxi/Downloads/ENTER/envs/django_detection/lib/python3.7/site-packages/django/core/handlers/exception.py", line 47, in inner
    response = get_response(request)
  File "/home/kejunxi/Downloads/ENTER/envs/django_detection/lib/python3.7/site-packages/django/core/handlers/base.py", line 181, in _get_response
    response = wrapped_callback(request, *callback_args, **callback_kwargs)
  File "/home/kejunxi/PycharmProjects/outlier_detection/django_web/views.py", line 249, in query
    pd_data = multi_lstm_detection(csv, contamination=0.05)
  File "/home/kejunxi/PycharmProjects/outlier_detection/django_web/detection.py", line 243, in multi_lstm_detection
    test_score_df['original' + " " + col[1]] = test_score_df[col[1]]
  File "/home/kejunxi/Downloads/ENTER/envs/django_detection/lib/python3.7/site-packages/pandas/core/frame.py", line 2902, in __getitem__
    indexer = self.columns.get_loc(key)
  File "/home/kejunxi/Downloads/ENTER/envs/django_detection/lib/python3.7/site-packages/pandas/core/indexes/base.py", line 2897, in get_loc
    raise KeyError(key) from err
KeyError: 'KLT14_pumpSpeed_p2'
ERROR 2021-07-10 09:04:18,250 basehttp 157 "GET /query?ALGO_select=Lstm HTTP/1.1" 500 161956
INFO 2021-07-10 09:08:48,520 autoreload 240 /home/kejunxi/PycharmProjects/outlier_detection/django_web/detection.py changed, reloading.
INFO 2021-07-10 09:08:51,546 autoreload 617 Watching for file changes with StatReloader
INFO 2021-07-10 09:08:57,650 basehttp 157 "GET / HTTP/1.1" 200 22711
INFO 2021-07-10 09:09:10,691 basehttp 157 "POST /upload/ HTTP/1.1" 200 1734990
INFO 2021-07-10 09:10:33,997 basehttp 157 "GET /query?ALGO_select=Lstm HTTP/1.1" 200 2629893
INFO 2021-07-10 09:11:25,352 basehttp 157 "GET /query?Gap_filling=Interpolate HTTP/1.1" 200 6367803
INFO 2021-07-10 09:12:02,412 basehttp 157 "GET /query?ALGO_select=Default HTTP/1.1" 200 7404145
INFO 2021-07-10 09:13:38,447 basehttp 157 "GET / HTTP/1.1" 200 22711
INFO 2021-07-10 09:14:12,276 basehttp 157 "POST /upload/ HTTP/1.1" 200 21544910
INFO 2021-07-10 09:16:51,976 basehttp 157 "GET /query?ALGO_select=Default HTTP/1.1" 200 32719934
INFO 2021-07-10 09:21:05,544 basehttp 157 "GET /query?Gap_filling=Interpolate HTTP/1.1" 200 50392887
INFO 2021-07-10 09:22:53,292 autoreload 240 /home/kejunxi/PycharmProjects/outlier_detection/django_web/detection.py changed, reloading.
INFO 2021-07-10 09:23:01,485 autoreload 617 Watching for file changes with StatReloader
INFO 2021-07-10 09:23:43,882 autoreload 240 /home/kejunxi/PycharmProjects/outlier_detection/django_web/detection.py changed, reloading.
INFO 2021-07-10 09:23:47,383 autoreload 617 Watching for file changes with StatReloader
INFO 2021-07-10 09:24:36,868 autoreload 240 /home/kejunxi/PycharmProjects/outlier_detection/django_web/views.py changed, reloading.
INFO 2021-07-10 09:24:40,252 autoreload 617 Watching for file changes with StatReloader
INFO 2021-07-10 09:25:13,801 autoreload 240 /home/kejunxi/PycharmProjects/outlier_detection/django_web/views.py changed, reloading.
INFO 2021-07-10 09:25:18,910 autoreload 617 Watching for file changes with StatReloader
INFO 2021-07-10 09:25:25,255 basehttp 157 "GET / HTTP/1.1" 200 22711
INFO 2021-07-10 09:26:00,341 basehttp 157 "POST /upload/ HTTP/1.1" 200 1734990
INFO 2021-07-10 09:26:34,828 basehttp 157 "GET /query?Gap_filling=Interpolate HTTP/1.1" 200 6366000
INFO 2021-07-10 09:27:26,349 basehttp 157 "GET /query?ALGO_select=Default HTTP/1.1" 200 7404684
INFO 2021-07-10 09:29:19,046 basehttp 157 "GET /query?Gap_filling=Interpolate HTTP/1.1" 200 7027309
INFO 2021-07-10 09:29:40,782 autoreload 240 /home/kejunxi/PycharmProjects/outlier_detection/django_web/detection.py changed, reloading.
INFO 2021-07-10 09:29:42,245 autoreload 617 Watching for file changes with StatReloader
ERROR 2021-07-10 09:29:50,789 log 230 Internal Server Error: /query
Traceback (most recent call last):
  File "/home/kejunxi/Downloads/ENTER/envs/django_detection/lib/python3.7/site-packages/django/core/handlers/exception.py", line 47, in inner
    response = get_response(request)
  File "/home/kejunxi/Downloads/ENTER/envs/django_detection/lib/python3.7/site-packages/django/core/handlers/base.py", line 181, in _get_response
    response = wrapped_callback(request, *callback_args, **callback_kwargs)
  File "/home/kejunxi/PycharmProjects/outlier_detection/django_web/views.py", line 183, in query
    col.remove('timestamp')
ValueError: list.remove(x): x not in list
ERROR 2021-07-10 09:29:50,791 basehttp 157 "GET /query?ALGO_select=Lstm HTTP/1.1" 500 69504
INFO 2021-07-10 09:30:35,448 basehttp 157 "GET / HTTP/1.1" 200 22711
INFO 2021-07-10 09:33:46,874 autoreload 240 /home/kejunxi/PycharmProjects/outlier_detection/django_web/views.py changed, reloading.
INFO 2021-07-10 09:33:47,844 autoreload 617 Watching for file changes with StatReloader
INFO 2021-07-10 09:34:38,113 basehttp 157 "GET / HTTP/1.1" 200 22711
INFO 2021-07-10 09:34:42,196 basehttp 157 "GET / HTTP/1.1" 200 22711
INFO 2021-07-10 09:34:58,183 basehttp 157 "POST /upload/ HTTP/1.1" 200 1734990
INFO 2021-07-10 09:35:17,338 basehttp 157 "GET /query?Gap_filling=Interpolate HTTP/1.1" 200 6366000
INFO 2021-07-10 09:35:47,458 basehttp 157 "GET /query?ALGO_select=Default HTTP/1.1" 200 7404684
INFO 2021-07-10 09:36:17,771 basehttp 157 "GET /query?Gap_filling=Interpolate HTTP/1.1" 200 7027309
INFO 2021-07-10 09:38:34,848 basehttp 157 "GET /query?ALGO_select=Lstm HTTP/1.1" 200 7388508
INFO 2021-07-11 11:25:31,947 autoreload 617 Watching for file changes with StatReloader
INFO 2021-07-11 11:25:42,849 basehttp 157 "GET / HTTP/1.1" 200 22628
WARNING 2021-07-11 11:25:46,613 log 230 Not Found: /favicon.ico
WARNING 2021-07-11 11:25:46,614 basehttp 157 "GET /favicon.ico HTTP/1.1" 404 2831
INFO 2021-07-11 11:27:54,615 basehttp 157 "POST /upload/ HTTP/1.1" 200 526346
INFO 2021-07-11 11:28:09,415 basehttp 157 "GET /query?ALGO_select=Hbos HTTP/1.1" 200 700281
INFO 2021-07-11 11:28:18,854 basehttp 157 "GET /query?Gap_filling=Interpolate HTTP/1.1" 200 2958078
INFO 2021-07-12 09:12:06,595 autoreload 617 Watching for file changes with StatReloader
INFO 2021-07-12 09:12:13,982 basehttp 157 "GET / HTTP/1.1" 200 22628
WARNING 2021-07-12 09:12:15,668 log 230 Not Found: /favicon.ico
WARNING 2021-07-12 09:12:15,669 basehttp 157 "GET /favicon.ico HTTP/1.1" 404 2831
INFO 2021-07-12 09:12:22,583 basehttp 157 "POST /upload/ HTTP/1.1" 200 526346
INFO 2021-07-12 09:13:00,318 basehttp 157 "GET /query?ALGO_select=Default HTTP/1.1" 200 689676
INFO 2021-07-12 09:13:46,663 autoreload 617 Watching for file changes with StatReloader
INFO 2021-07-12 09:14:00,523 basehttp 157 "GET / HTTP/1.1" 200 22628
INFO 2021-07-12 09:14:12,542 basehttp 157 "POST /upload/ HTTP/1.1" 200 526346
INFO 2021-07-12 09:14:22,113 basehttp 157 "GET /query?ALGO_select=Forest HTTP/1.1" 200 700009
INFO 2021-07-12 16:32:12,381 basehttp 157 "GET / HTTP/1.1" 200 22628
INFO 2021-07-12 16:34:16,468 basehttp 157 "POST /upload/ HTTP/1.1" 200 526346
INFO 2021-07-12 19:58:02,718 autoreload 617 Watching for file changes with StatReloader
INFO 2021-07-12 19:58:12,233 basehttp 157 "GET / HTTP/1.1" 200 22628
WARNING 2021-07-12 19:58:14,204 log 230 Not Found: /favicon.ico
WARNING 2021-07-12 19:58:14,205 basehttp 157 "GET /favicon.ico HTTP/1.1" 404 2831
INFO 2021-07-12 19:58:24,134 basehttp 157 "POST /upload/ HTTP/1.1" 200 1321165
INFO 2021-07-12 19:59:15,798 basehttp 157 "GET /query?ALGO_select=Default HTTP/1.1" 200 1731887
INFO 2021-07-12 19:59:42,600 basehttp 157 "GET /query?Gap_filling=Interpolate HTTP/1.1" 200 4145542
INFO 2021-07-12 20:15:35,263 autoreload 617 Watching for file changes with StatReloader
INFO 2021-07-12 20:15:45,451 basehttp 157 "GET / HTTP/1.1" 200 22628
INFO 2021-07-12 20:16:16,219 basehttp 157 "POST /upload/ HTTP/1.1" 200 1734990
